<?xml version="1.0" encoding="UTF-8"?>
<coverage generated="1745864676797" clover="3.2.0">
  <project timestamp="1745864676797" name="All files">
    <metrics statements="351" coveredstatements="311" conditionals="190" coveredconditionals="158" methods="128" coveredmethods="107" elements="669" coveredelements="576" complexity="0" loc="351" ncloc="351" packages="1" files="18" classes="18"/>
    <file name="AddBook.js" path="/root/library/library-app/src/AddBook.js">
      <metrics statements="35" coveredstatements="33" conditionals="15" coveredconditionals="14" methods="8" coveredmethods="8"/>
      <line num="7" count="2" type="stmt"/>
      <line num="8" count="339" type="stmt"/>
      <line num="9" count="339" type="stmt"/>
      <line num="10" count="338" type="stmt"/>
      <line num="21" count="338" type="stmt"/>
      <line num="22" count="319" type="stmt"/>
      <line num="23" count="319" type="stmt"/>
      <line num="26" count="338" type="stmt"/>
      <line num="27" count="8" type="cond" truecount="2" falsecount="0"/>
      <line num="28" count="1" type="stmt"/>
      <line num="29" count="1" type="stmt"/>
      <line num="31" count="7" type="cond" truecount="2" falsecount="0"/>
      <line num="32" count="1" type="stmt"/>
      <line num="33" count="1" type="stmt"/>
      <line num="36" count="6" type="cond" truecount="5" falsecount="0"/>
      <line num="37" count="2" type="stmt"/>
      <line num="38" count="2" type="stmt"/>
      <line num="41" count="4" type="cond" truecount="1" falsecount="1"/>
      <line num="42" count="0" type="stmt"/>
      <line num="43" count="0" type="stmt"/>
      <line num="46" count="4" type="stmt"/>
      <line num="49" count="338" type="stmt"/>
      <line num="50" count="8" type="stmt"/>
      <line num="52" count="8" type="cond" truecount="2" falsecount="0"/>
      <line num="53" count="4" type="stmt"/>
      <line num="56" count="4" type="stmt"/>
      <line num="59" count="4" type="stmt"/>
      <line num="65" count="4" type="stmt"/>
      <line num="67" count="2" type="stmt"/>
      <line num="68" count="2" type="stmt"/>
      <line num="71" count="2" type="stmt"/>
      <line num="72" count="2" type="cond" truecount="2" falsecount="0"/>
      <line num="75" count="4" type="stmt"/>
      <line num="79" count="338" type="stmt"/>
      <line num="91" count="1" type="stmt"/>
    </file>
    <file name="App.js" path="/root/library/library-app/src/App.js">
      <metrics statements="2" coveredstatements="2" conditionals="0" coveredconditionals="0" methods="1" coveredmethods="1"/>
      <line num="17" count="2" type="stmt"/>
      <line num="18" count="7" type="stmt"/>
    </file>
    <file name="BookCard.js" path="/root/library/library-app/src/BookCard.js">
      <metrics statements="3" coveredstatements="3" conditionals="10" coveredconditionals="10" methods="2" coveredmethods="2"/>
      <line num="4" count="1" type="stmt"/>
      <line num="5" count="15" type="stmt"/>
      <line num="27" count="1" type="stmt"/>
    </file>
    <file name="BookDetails.js" path="/root/library/library-app/src/BookDetails.js">
      <metrics statements="38" coveredstatements="30" conditionals="24" coveredconditionals="16" methods="12" coveredmethods="7"/>
      <line num="7" count="2" type="stmt"/>
      <line num="8" count="13" type="cond" truecount="4" falsecount="0"/>
      <line num="10" count="6" type="stmt"/>
      <line num="11" count="0" type="stmt"/>
      <line num="13" count="0" type="stmt"/>
      <line num="14" count="0" type="stmt"/>
      <line num="15" count="0" type="stmt"/>
      <line num="18" count="0" type="stmt"/>
      <line num="19" count="0" type="cond" truecount="0" falsecount="2"/>
      <line num="23" count="6" type="stmt"/>
      <line num="45" count="2" type="stmt"/>
      <line num="46" count="25" type="stmt"/>
      <line num="47" count="25" type="stmt"/>
      <line num="48" count="25" type="stmt"/>
      <line num="49" count="24" type="stmt"/>
      <line num="50" count="24" type="stmt"/>
      <line num="51" count="24" type="stmt"/>
      <line num="53" count="24" type="stmt"/>
      <line num="54" count="9" type="stmt"/>
      <line num="57" count="24" type="stmt"/>
      <line num="58" count="9" type="stmt"/>
      <line num="60" count="8" type="stmt"/>
      <line num="61" count="8" type="stmt"/>
      <line num="64" count="1" type="stmt"/>
      <line num="65" count="1" type="stmt"/>
      <line num="66" count="1" type="stmt"/>
      <line num="67" count="1" type="stmt"/>
      <line num="71" count="24" type="stmt"/>
      <line num="72" count="6" type="stmt"/>
      <line num="75" count="24" type="cond" truecount="2" falsecount="0"/>
      <line num="76" count="9" type="stmt"/>
      <line num="79" count="15" type="cond" truecount="2" falsecount="0"/>
      <line num="80" count="1" type="stmt"/>
      <line num="90" count="14" type="cond" truecount="2" falsecount="0"/>
      <line num="91" count="1" type="stmt"/>
      <line num="94" count="13" type="stmt"/>
      <line num="129" count="0" type="stmt"/>
      <line num="130" count="0" type="stmt"/>
    </file>
    <file name="BookForm.js" path="/root/library/library-app/src/BookForm.js">
      <metrics statements="2" coveredstatements="2" conditionals="18" coveredconditionals="18" methods="1" coveredmethods="1"/>
      <line num="3" count="4" type="stmt"/>
      <line num="4" count="430" type="stmt"/>
    </file>
    <file name="BookList.js" path="/root/library/library-app/src/BookList.js">
      <metrics statements="39" coveredstatements="31" conditionals="22" coveredconditionals="15" methods="15" coveredmethods="9"/>
      <line num="7" count="1" type="stmt"/>
      <line num="8" count="14" type="cond" truecount="4" falsecount="0"/>
      <line num="10" count="6" type="stmt"/>
      <line num="11" count="0" type="stmt"/>
      <line num="13" count="0" type="stmt"/>
      <line num="14" count="0" type="stmt"/>
      <line num="15" count="0" type="stmt"/>
      <line num="18" count="0" type="stmt"/>
      <line num="19" count="0" type="cond" truecount="0" falsecount="2"/>
      <line num="23" count="6" type="stmt"/>
      <line num="45" count="1" type="stmt"/>
      <line num="46" count="25" type="stmt"/>
      <line num="47" count="24" type="stmt"/>
      <line num="48" count="24" type="stmt"/>
      <line num="49" count="24" type="stmt"/>
      <line num="50" count="24" type="stmt"/>
      <line num="52" count="24" type="stmt"/>
      <line num="53" count="9" type="stmt"/>
      <line num="56" count="24" type="stmt"/>
      <line num="57" count="9" type="stmt"/>
      <line num="58" count="9" type="stmt"/>
      <line num="60" count="8" type="stmt"/>
      <line num="61" count="8" type="stmt"/>
      <line num="64" count="1" type="stmt"/>
      <line num="65" count="1" type="stmt"/>
      <line num="66" count="1" type="stmt"/>
      <line num="67" count="1" type="stmt"/>
      <line num="71" count="24" type="stmt"/>
      <line num="72" count="6" type="stmt"/>
      <line num="73" count="6" type="stmt"/>
      <line num="76" count="24" type="cond" truecount="2" falsecount="0"/>
      <line num="77" count="9" type="stmt"/>
      <line num="80" count="15" type="cond" truecount="2" falsecount="0"/>
      <line num="81" count="1" type="stmt"/>
      <line num="84" count="14" type="stmt"/>
      <line num="94" count="26" type="stmt"/>
      <line num="110" count="6" type="stmt"/>
      <line num="122" count="0" type="stmt"/>
      <line num="124" count="0" type="stmt"/>
    </file>
    <file name="BookService.js" path="/root/library/library-app/src/BookService.js">
      <metrics statements="22" coveredstatements="16" conditionals="2" coveredconditionals="0" methods="13" coveredmethods="12"/>
      <line num="4" count="8" type="stmt"/>
      <line num="7" count="8" type="stmt"/>
      <line num="10" count="8" type="stmt"/>
      <line num="11" count="0" type="cond" truecount="0" falsecount="2"/>
      <line num="13" count="0" type="stmt"/>
      <line num="14" count="0" type="stmt"/>
      <line num="15" count="0" type="stmt"/>
      <line num="17" count="0" type="stmt"/>
      <line num="18" count="0" type="stmt"/>
      <line num="23" count="8" type="stmt"/>
      <line num="24" count="8" type="stmt"/>
      <line num="25" count="8" type="stmt"/>
      <line num="26" count="8" type="stmt"/>
      <line num="27" count="8" type="stmt"/>
      <line num="28" count="8" type="stmt"/>
      <line num="31" count="8" type="stmt"/>
      <line num="32" count="1" type="stmt"/>
      <line num="33" count="1" type="stmt"/>
      <line num="34" count="1" type="stmt"/>
      <line num="35" count="1" type="stmt"/>
      <line num="36" count="1" type="stmt"/>
      <line num="37" count="1" type="stmt"/>
    </file>
    <file name="DeleteBookModal.js" path="/root/library/library-app/src/DeleteBookModal.js">
      <metrics statements="11" coveredstatements="11" conditionals="6" coveredconditionals="6" methods="5" coveredmethods="5"/>
      <line num="5" count="1" type="stmt"/>
      <line num="6" count="9" type="cond" truecount="4" falsecount="0"/>
      <line num="8" count="7" type="stmt"/>
      <line num="9" count="3" type="stmt"/>
      <line num="11" count="1" type="stmt"/>
      <line num="12" count="1" type="stmt"/>
      <line num="13" count="1" type="stmt"/>
      <line num="16" count="2" type="stmt"/>
      <line num="17" count="2" type="cond" truecount="2" falsecount="0"/>
      <line num="21" count="7" type="stmt"/>
      <line num="23" count="5" type="stmt"/>
    </file>
    <file name="EditBook.js" path="/root/library/library-app/src/EditBook.js">
      <metrics statements="56" coveredstatements="54" conditionals="21" coveredconditionals="19" methods="12" coveredmethods="12"/>
      <line num="9" count="2" type="stmt"/>
      <line num="10" count="98" type="stmt"/>
      <line num="11" count="98" type="stmt"/>
      <line num="12" count="98" type="stmt"/>
      <line num="13" count="97" type="stmt"/>
      <line num="14" count="97" type="stmt"/>
      <line num="15" count="97" type="stmt"/>
      <line num="26" count="97" type="stmt"/>
      <line num="27" count="11" type="stmt"/>
      <line num="30" count="97" type="stmt"/>
      <line num="31" count="11" type="stmt"/>
      <line num="33" count="10" type="stmt"/>
      <line num="35" count="10" type="cond" truecount="1" falsecount="1"/>
      <line num="36" count="10" type="stmt"/>
      <line num="37" count="10" type="stmt"/>
      <line num="39" count="10" type="stmt"/>
      <line num="40" count="10" type="stmt"/>
      <line num="43" count="1" type="stmt"/>
      <line num="44" count="1" type="stmt"/>
      <line num="45" count="1" type="stmt"/>
      <line num="46" count="1" type="stmt"/>
      <line num="50" count="97" type="stmt"/>
      <line num="51" count="67" type="stmt"/>
      <line num="52" count="67" type="stmt"/>
      <line num="55" count="97" type="stmt"/>
      <line num="56" count="7" type="cond" truecount="2" falsecount="0"/>
      <line num="57" count="1" type="stmt"/>
      <line num="58" count="1" type="stmt"/>
      <line num="60" count="6" type="cond" truecount="2" falsecount="0"/>
      <line num="61" count="1" type="stmt"/>
      <line num="62" count="1" type="stmt"/>
      <line num="65" count="5" type="cond" truecount="5" falsecount="0"/>
      <line num="66" count="1" type="stmt"/>
      <line num="67" count="1" type="stmt"/>
      <line num="70" count="4" type="cond" truecount="1" falsecount="1"/>
      <line num="71" count="0" type="stmt"/>
      <line num="72" count="0" type="stmt"/>
      <line num="75" count="4" type="stmt"/>
      <line num="78" count="97" type="stmt"/>
      <line num="79" count="7" type="stmt"/>
      <line num="81" count="7" type="cond" truecount="2" falsecount="0"/>
      <line num="82" count="3" type="stmt"/>
      <line num="85" count="4" type="stmt"/>
      <line num="88" count="4" type="stmt"/>
      <line num="93" count="4" type="stmt"/>
      <line num="95" count="2" type="stmt"/>
      <line num="96" count="2" type="stmt"/>
      <line num="99" count="2" type="stmt"/>
      <line num="100" count="2" type="cond" truecount="2" falsecount="0"/>
      <line num="103" count="4" type="stmt"/>
      <line num="107" count="97" type="cond" truecount="2" falsecount="0"/>
      <line num="108" count="11" type="stmt"/>
      <line num="111" count="86" type="cond" truecount="2" falsecount="0"/>
      <line num="112" count="1" type="stmt"/>
      <line num="115" count="85" type="stmt"/>
      <line num="128" count="1" type="stmt"/>
    </file>
    <file name="Error.js" path="/root/library/library-app/src/Error.js">
      <metrics statements="2" coveredstatements="2" conditionals="2" coveredconditionals="2" methods="1" coveredmethods="1"/>
      <line num="4" count="3" type="cond" truecount="2" falsecount="0"/>
      <line num="5" count="4" type="stmt"/>
    </file>
    <file name="Footer.js" path="/root/library/library-app/src/Footer.js">
      <metrics statements="2" coveredstatements="2" conditionals="0" coveredconditionals="0" methods="1" coveredmethods="1"/>
      <line num="3" count="1" type="stmt"/>
      <line num="4" count="2" type="stmt"/>
    </file>
    <file name="Header.js" path="/root/library/library-app/src/Header.js">
      <metrics statements="13" coveredstatements="10" conditionals="16" coveredconditionals="15" methods="10" coveredmethods="7"/>
      <line num="5" count="1" type="stmt"/>
      <line num="6" count="10" type="stmt"/>
      <line num="8" count="9" type="stmt"/>
      <line num="9" count="2" type="stmt"/>
      <line num="12" count="9" type="stmt"/>
      <line num="30" count="10" type="cond" truecount="2" falsecount="0"/>
      <line num="31" count="1" type="stmt"/>
      <line num="37" count="10" type="cond" truecount="2" falsecount="0"/>
      <line num="38" count="0" type="stmt"/>
      <line num="44" count="10" type="cond" truecount="2" falsecount="0"/>
      <line num="45" count="0" type="stmt"/>
      <line num="51" count="10" type="cond" truecount="1" falsecount="1"/>
      <line num="52" count="0" type="stmt"/>
    </file>
    <file name="Loading.js" path="/root/library/library-app/src/Loading.js">
      <metrics statements="2" coveredstatements="2" conditionals="1" coveredconditionals="0" methods="1" coveredmethods="1"/>
      <line num="3" count="2" type="cond" truecount="0" falsecount="1"/>
      <line num="4" count="11" type="stmt"/>
    </file>
    <file name="MockDataService.js" path="/root/library/library-app/src/MockDataService.js">
      <metrics statements="59" coveredstatements="59" conditionals="26" coveredconditionals="20" methods="24" coveredmethods="24"/>
      <line num="4" count="1" type="stmt"/>
      <line num="5" count="1" type="stmt"/>
      <line num="9" count="1" type="stmt"/>
      <line num="12" count="1" type="stmt"/>
      <line num="88" count="1" type="stmt"/>
      <line num="89" count="16" type="cond" truecount="2" falsecount="0"/>
      <line num="90" count="13" type="stmt"/>
      <line num="95" count="1" type="stmt"/>
      <line num="96" count="16" type="stmt"/>
      <line num="97" count="16" type="stmt"/>
      <line num="98" count="16" type="stmt"/>
      <line num="99" count="16" type="cond" truecount="1" falsecount="1"/>
      <line num="100" count="16" type="stmt"/>
      <line num="106" count="1" type="stmt"/>
      <line num="107" count="4" type="stmt"/>
      <line num="108" count="4" type="stmt"/>
      <line num="109" count="4" type="cond" truecount="1" falsecount="1"/>
      <line num="110" count="17" type="stmt"/>
      <line num="112" count="4" type="cond" truecount="2" falsecount="0"/>
      <line num="113" count="2" type="stmt"/>
      <line num="115" count="2" type="stmt"/>
      <line num="122" count="1" type="stmt"/>
      <line num="123" count="1" type="stmt"/>
      <line num="124" count="1" type="stmt"/>
      <line num="125" count="1" type="cond" truecount="1" falsecount="1"/>
      <line num="126" count="1" type="stmt"/>
      <line num="132" count="1" type="stmt"/>
      <line num="133" count="1" type="stmt"/>
      <line num="135" count="1" type="stmt"/>
      <line num="141" count="1" type="stmt"/>
      <line num="142" count="2" type="stmt"/>
      <line num="143" count="2" type="stmt"/>
      <line num="144" count="2" type="cond" truecount="1" falsecount="1"/>
      <line num="145" count="9" type="stmt"/>
      <line num="147" count="2" type="cond" truecount="2" falsecount="0"/>
      <line num="148" count="1" type="stmt"/>
      <line num="155" count="1" type="stmt"/>
      <line num="156" count="1" type="stmt"/>
      <line num="158" count="1" type="stmt"/>
      <line num="160" count="1" type="stmt"/>
      <line num="167" count="1" type="stmt"/>
      <line num="168" count="2" type="stmt"/>
      <line num="169" count="2" type="stmt"/>
      <line num="170" count="2" type="cond" truecount="1" falsecount="1"/>
      <line num="171" count="10" type="stmt"/>
      <line num="173" count="2" type="cond" truecount="2" falsecount="0"/>
      <line num="174" count="1" type="stmt"/>
      <line num="175" count="1" type="stmt"/>
      <line num="177" count="1" type="stmt"/>
      <line num="179" count="1" type="stmt"/>
      <line num="186" count="1" type="stmt"/>
      <line num="187" count="5" type="stmt"/>
      <line num="188" count="5" type="stmt"/>
      <line num="189" count="5" type="cond" truecount="1" falsecount="1"/>
      <line num="190" count="5" type="stmt"/>
      <line num="192" count="5" type="stmt"/>
      <line num="193" count="30" type="cond" truecount="6" falsecount="0"/>
      <line num="199" count="5" type="stmt"/>
      <line num="205" count="1" type="stmt"/>
    </file>
    <file name="NotFound.js" path="/root/library/library-app/src/NotFound.js">
      <metrics statements="2" coveredstatements="2" conditionals="0" coveredconditionals="0" methods="1" coveredmethods="1"/>
      <line num="4" count="1" type="stmt"/>
      <line num="5" count="2" type="stmt"/>
    </file>
    <file name="SearchBooks.js" path="/root/library/library-app/src/SearchBooks.js">
      <metrics statements="40" coveredstatements="32" conditionals="21" coveredconditionals="17" methods="15" coveredmethods="9"/>
      <line num="7" count="2" type="stmt"/>
      <line num="8" count="62" type="cond" truecount="4" falsecount="0"/>
      <line num="10" count="2" type="stmt"/>
      <line num="11" count="0" type="stmt"/>
      <line num="13" count="0" type="stmt"/>
      <line num="14" count="0" type="stmt"/>
      <line num="15" count="0" type="stmt"/>
      <line num="18" count="0" type="stmt"/>
      <line num="19" count="0" type="cond" truecount="0" falsecount="2"/>
      <line num="23" count="2" type="stmt"/>
      <line num="45" count="2" type="stmt"/>
      <line num="46" count="63" type="stmt"/>
      <line num="47" count="62" type="stmt"/>
      <line num="48" count="62" type="stmt"/>
      <line num="49" count="62" type="stmt"/>
      <line num="50" count="62" type="stmt"/>
      <line num="51" count="62" type="stmt"/>
      <line num="53" count="62" type="stmt"/>
      <line num="54" count="7" type="stmt"/>
      <line num="56" count="7" type="cond" truecount="2" falsecount="0"/>
      <line num="57" count="1" type="stmt"/>
      <line num="58" count="1" type="stmt"/>
      <line num="61" count="6" type="stmt"/>
      <line num="62" count="6" type="stmt"/>
      <line num="64" count="6" type="stmt"/>
      <line num="66" count="5" type="stmt"/>
      <line num="67" count="5" type="stmt"/>
      <line num="70" count="1" type="stmt"/>
      <line num="71" count="1" type="stmt"/>
      <line num="72" count="1" type="stmt"/>
      <line num="73" count="1" type="stmt"/>
      <line num="77" count="62" type="stmt"/>
      <line num="78" count="2" type="stmt"/>
      <line num="79" count="2" type="stmt"/>
      <line num="82" count="62" type="stmt"/>
      <line num="93" count="40" type="stmt"/>
      <line num="111" count="12" type="stmt"/>
      <line num="122" count="2" type="stmt"/>
      <line num="136" count="0" type="stmt"/>
      <line num="138" count="0" type="stmt"/>
    </file>
    <file name="StatusIndicator.js" path="/root/library/library-app/src/StatusIndicator.js">
      <metrics statements="21" coveredstatements="20" conditionals="6" coveredconditionals="6" methods="6" coveredmethods="6"/>
      <line num="3" count="1" type="stmt"/>
      <line num="4" count="9" type="stmt"/>
      <line num="5" count="9" type="stmt"/>
      <line num="7" count="9" type="stmt"/>
      <line num="10" count="4" type="stmt"/>
      <line num="11" count="4" type="stmt"/>
      <line num="13" count="0" type="stmt"/>
      <line num="19" count="4" type="stmt"/>
      <line num="20" count="1" type="stmt"/>
      <line num="21" count="1" type="stmt"/>
      <line num="23" count="1" type="stmt"/>
      <line num="26" count="4" type="stmt"/>
      <line num="27" count="2" type="stmt"/>
      <line num="28" count="2" type="stmt"/>
      <line num="31" count="4" type="stmt"/>
      <line num="32" count="4" type="stmt"/>
      <line num="35" count="4" type="stmt"/>
      <line num="36" count="4" type="stmt"/>
      <line num="37" count="4" type="stmt"/>
      <line num="41" count="9" type="cond" truecount="2" falsecount="0"/>
      <line num="43" count="3" type="stmt"/>
    </file>
    <file name="index.js" path="/root/library/library-app/src/index.js">
      <metrics statements="2" coveredstatements="0" conditionals="0" coveredconditionals="0" methods="0" coveredmethods="0"/>
      <line num="7" count="0" type="stmt"/>
      <line num="8" count="0" type="stmt"/>
    </file>
  </project>
</coverage>
