{"/root/library/library-app/src/AddBook.js": {"path":"/root/library/library-app/src/AddBook.js","statementMap":{"0":{"start":{"line":7,"column":16},"end":{"line":96,"column":1}},"1":{"start":{"line":8,"column":19},"end":{"line":8,"column":32}},"2":{"start":{"line":9,"column":32},"end":{"line":9,"column":47}},"3":{"start":{"line":10,"column":26},"end":{"line":19,"column":4}},"4":{"start":{"line":21,"column":23},"end":{"line":24,"column":3}},"5":{"start":{"line":22,"column":28},"end":{"line":22,"column":36}},"6":{"start":{"line":23,"column":4},"end":{"line":23,"column":40}},"7":{"start":{"line":26,"column":23},"end":{"line":47,"column":3}},"8":{"start":{"line":27,"column":4},"end":{"line":30,"column":5}},"9":{"start":{"line":28,"column":6},"end":{"line":28,"column":39}},"10":{"start":{"line":29,"column":6},"end":{"line":29,"column":19}},"11":{"start":{"line":31,"column":4},"end":{"line":34,"column":5}},"12":{"start":{"line":32,"column":6},"end":{"line":32,"column":40}},"13":{"start":{"line":33,"column":6},"end":{"line":33,"column":19}},"14":{"start":{"line":36,"column":4},"end":{"line":39,"column":5}},"15":{"start":{"line":37,"column":6},"end":{"line":37,"column":59}},"16":{"start":{"line":38,"column":6},"end":{"line":38,"column":19}},"17":{"start":{"line":41,"column":4},"end":{"line":44,"column":5}},"18":{"start":{"line":42,"column":6},"end":{"line":42,"column":65}},"19":{"start":{"line":43,"column":6},"end":{"line":43,"column":19}},"20":{"start":{"line":46,"column":4},"end":{"line":46,"column":16}},"21":{"start":{"line":49,"column":23},"end":{"line":77,"column":3}},"22":{"start":{"line":50,"column":4},"end":{"line":50,"column":23}},"23":{"start":{"line":52,"column":4},"end":{"line":54,"column":5}},"24":{"start":{"line":53,"column":6},"end":{"line":53,"column":13}},"25":{"start":{"line":56,"column":4},"end":{"line":56,"column":21}},"26":{"start":{"line":59,"column":21},"end":{"line":63,"column":5}},"27":{"start":{"line":65,"column":4},"end":{"line":76,"column":9}},"28":{"start":{"line":67,"column":8},"end":{"line":67,"column":50}},"29":{"start":{"line":68,"column":8},"end":{"line":68,"column":27}},"30":{"start":{"line":71,"column":8},"end":{"line":71,"column":51}},"31":{"start":{"line":72,"column":8},"end":{"line":72,"column":75}},"32":{"start":{"line":75,"column":8},"end":{"line":75,"column":26}},"33":{"start":{"line":79,"column":2},"end":{"line":95,"column":4}},"34":{"start":{"line":91,"column":30},"end":{"line":91,"column":48}}},"fnMap":{"0":{"name":"(anonymous_0)","decl":{"start":{"line":7,"column":16},"end":{"line":7,"column":17}},"loc":{"start":{"line":7,"column":22},"end":{"line":96,"column":1}},"line":7},"1":{"name":"(anonymous_1)","decl":{"start":{"line":21,"column":23},"end":{"line":21,"column":24}},"loc":{"start":{"line":21,"column":30},"end":{"line":24,"column":3}},"line":21},"2":{"name":"(anonymous_2)","decl":{"start":{"line":26,"column":23},"end":{"line":26,"column":24}},"loc":{"start":{"line":26,"column":29},"end":{"line":47,"column":3}},"line":26},"3":{"name":"(anonymous_3)","decl":{"start":{"line":49,"column":23},"end":{"line":49,"column":24}},"loc":{"start":{"line":49,"column":30},"end":{"line":77,"column":3}},"line":49},"4":{"name":"(anonymous_4)","decl":{"start":{"line":66,"column":12},"end":{"line":66,"column":13}},"loc":{"start":{"line":66,"column":24},"end":{"line":69,"column":7}},"line":66},"5":{"name":"(anonymous_5)","decl":{"start":{"line":70,"column":13},"end":{"line":70,"column":14}},"loc":{"start":{"line":70,"column":22},"end":{"line":73,"column":7}},"line":70},"6":{"name":"(anonymous_6)","decl":{"start":{"line":74,"column":15},"end":{"line":74,"column":16}},"loc":{"start":{"line":74,"column":21},"end":{"line":76,"column":7}},"line":74},"7":{"name":"(anonymous_7)","decl":{"start":{"line":91,"column":24},"end":{"line":91,"column":25}},"loc":{"start":{"line":91,"column":30},"end":{"line":91,"column":48}},"line":91}},"branchMap":{"0":{"loc":{"start":{"line":27,"column":4},"end":{"line":30,"column":5}},"type":"if","locations":[{"start":{"line":27,"column":4},"end":{"line":30,"column":5}},{"start":{},"end":{}}],"line":27},"1":{"loc":{"start":{"line":31,"column":4},"end":{"line":34,"column":5}},"type":"if","locations":[{"start":{"line":31,"column":4},"end":{"line":34,"column":5}},{"start":{},"end":{}}],"line":31},"2":{"loc":{"start":{"line":36,"column":4},"end":{"line":39,"column":5}},"type":"if","locations":[{"start":{"line":36,"column":4},"end":{"line":39,"column":5}},{"start":{},"end":{}}],"line":36},"3":{"loc":{"start":{"line":36,"column":8},"end":{"line":36,"column":69}},"type":"binary-expr","locations":[{"start":{"line":36,"column":8},"end":{"line":36,"column":17}},{"start":{"line":36,"column":22},"end":{"line":36,"column":43}},{"start":{"line":36,"column":47},"end":{"line":36,"column":68}}],"line":36},"4":{"loc":{"start":{"line":41,"column":4},"end":{"line":44,"column":5}},"type":"if","locations":[{"start":{"line":41,"column":4},"end":{"line":44,"column":5}},{"start":{},"end":{}}],"line":41},"5":{"loc":{"start":{"line":52,"column":4},"end":{"line":54,"column":5}},"type":"if","locations":[{"start":{"line":52,"column":4},"end":{"line":54,"column":5}},{"start":{},"end":{}}],"line":52},"6":{"loc":{"start":{"line":72,"column":20},"end":{"line":72,"column":73}},"type":"binary-expr","locations":[{"start":{"line":72,"column":20},"end":{"line":72,"column":49}},{"start":{"line":72,"column":53},"end":{"line":72,"column":73}}],"line":72}},"s":{"0":2,"1":339,"2":339,"3":338,"4":338,"5":319,"6":319,"7":338,"8":8,"9":1,"10":1,"11":7,"12":1,"13":1,"14":6,"15":2,"16":2,"17":4,"18":0,"19":0,"20":4,"21":338,"22":8,"23":8,"24":4,"25":4,"26":4,"27":4,"28":2,"29":2,"30":2,"31":2,"32":4,"33":338,"34":1},"f":{"0":339,"1":319,"2":8,"3":8,"4":2,"5":2,"6":4,"7":1},"b":{"0":[1,7],"1":[1,6],"2":[2,4],"3":[6,5,4],"4":[0,4],"5":[4,4],"6":[2,1]},"_coverageSchema":"1a1c01bbd47fc00a2c39e90264f33305004495a9","hash":"72d505b4a0d40101859cdac20230a29d79f45322"}
,"/root/library/library-app/src/App.js": {"path":"/root/library/library-app/src/App.js","statementMap":{"0":{"start":{"line":17,"column":12},"end":{"line":36,"column":1}},"1":{"start":{"line":18,"column":2},"end":{"line":35,"column":4}}},"fnMap":{"0":{"name":"(anonymous_0)","decl":{"start":{"line":17,"column":12},"end":{"line":17,"column":13}},"loc":{"start":{"line":17,"column":18},"end":{"line":36,"column":1}},"line":17}},"branchMap":{},"s":{"0":2,"1":7},"f":{"0":7},"b":{},"_coverageSchema":"1a1c01bbd47fc00a2c39e90264f33305004495a9","hash":"de3a8e02c92522085e8b147e378d013a6898d6d8"}
,"/root/library/library-app/src/BookCard.js": {"path":"/root/library/library-app/src/BookCard.js","statementMap":{"0":{"start":{"line":4,"column":17},"end":{"line":32,"column":1}},"1":{"start":{"line":5,"column":2},"end":{"line":31,"column":4}},"2":{"start":{"line":27,"column":33},"end":{"line":27,"column":50}}},"fnMap":{"0":{"name":"(anonymous_0)","decl":{"start":{"line":4,"column":17},"end":{"line":4,"column":18}},"loc":{"start":{"line":4,"column":41},"end":{"line":32,"column":1}},"line":4},"1":{"name":"(anonymous_1)","decl":{"start":{"line":27,"column":27},"end":{"line":27,"column":28}},"loc":{"start":{"line":27,"column":33},"end":{"line":27,"column":50}},"line":27}},"branchMap":{"0":{"loc":{"start":{"line":14,"column":11},"end":{"line":16,"column":40}},"type":"cond-expr","locations":[{"start":{"line":15,"column":13},"end":{"line":15,"column":106}},{"start":{"line":16,"column":14},"end":{"line":16,"column":40}}],"line":14},"1":{"loc":{"start":{"line":15,"column":13},"end":{"line":15,"column":106}},"type":"cond-expr","locations":[{"start":{"line":15,"column":45},"end":{"line":15,"column":87}},{"start":{"line":15,"column":90},"end":{"line":15,"column":106}}],"line":15},"2":{"loc":{"start":{"line":19,"column":40},"end":{"line":19,"column":69}},"type":"binary-expr","locations":[{"start":{"line":19,"column":40},"end":{"line":19,"column":50}},{"start":{"line":19,"column":54},"end":{"line":19,"column":69}}],"line":19},"3":{"loc":{"start":{"line":21,"column":13},"end":{"line":21,"column":38}},"type":"binary-expr","locations":[{"start":{"line":21,"column":13},"end":{"line":21,"column":33}},{"start":{"line":21,"column":37},"end":{"line":21,"column":38}}],"line":21},"4":{"loc":{"start":{"line":21,"column":41},"end":{"line":21,"column":62}},"type":"binary-expr","locations":[{"start":{"line":21,"column":41},"end":{"line":21,"column":57}},{"start":{"line":21,"column":61},"end":{"line":21,"column":62}}],"line":21}},"s":{"0":1,"1":15,"2":1},"f":{"0":15,"1":1},"b":{"0":[13,2],"1":[10,3],"2":[15,2],"3":[15,3],"4":[15,2]},"_coverageSchema":"1a1c01bbd47fc00a2c39e90264f33305004495a9","hash":"71aa14e3399996975b4496871643809fbf42a519"}
,"/root/library/library-app/src/BookDetails.js": {"path":"/root/library/library-app/src/BookDetails.js","statementMap":{"0":{"start":{"line":7,"column":24},"end":{"line":43,"column":1}},"1":{"start":{"line":8,"column":2},"end":{"line":8,"column":36}},"2":{"start":{"line":8,"column":24},"end":{"line":8,"column":36}},"3":{"start":{"line":10,"column":23},"end":{"line":21,"column":3}},"4":{"start":{"line":11,"column":4},"end":{"line":20,"column":9}},"5":{"start":{"line":13,"column":8},"end":{"line":13,"column":51}},"6":{"start":{"line":14,"column":8},"end":{"line":14,"column":20}},"7":{"start":{"line":15,"column":8},"end":{"line":15,"column":18}},"8":{"start":{"line":18,"column":8},"end":{"line":18,"column":53}},"9":{"start":{"line":19,"column":8},"end":{"line":19,"column":78}},"10":{"start":{"line":23,"column":2},"end":{"line":42,"column":4}},"11":{"start":{"line":45,"column":20},"end":{"line":134,"column":1}},"12":{"start":{"line":46,"column":17},"end":{"line":46,"column":28}},"13":{"start":{"line":47,"column":19},"end":{"line":47,"column":32}},"14":{"start":{"line":48,"column":26},"end":{"line":48,"column":40}},"15":{"start":{"line":49,"column":32},"end":{"line":49,"column":46}},"16":{"start":{"line":50,"column":28},"end":{"line":50,"column":42}},"17":{"start":{"line":51,"column":48},"end":{"line":51,"column":63}},"18":{"start":{"line":53,"column":2},"end":{"line":55,"column":11}},"19":{"start":{"line":54,"column":4},"end":{"line":54,"column":16}},"20":{"start":{"line":57,"column":20},"end":{"line":69,"column":3}},"21":{"start":{"line":58,"column":4},"end":{"line":68,"column":9}},"22":{"start":{"line":60,"column":8},"end":{"line":60,"column":31}},"23":{"start":{"line":61,"column":8},"end":{"line":61,"column":26}},"24":{"start":{"line":64,"column":8},"end":{"line":64,"column":61}},"25":{"start":{"line":65,"column":8},"end":{"line":65,"column":95}},"26":{"start":{"line":66,"column":8},"end":{"line":66,"column":26}},"27":{"start":{"line":67,"column":8},"end":{"line":67,"column":51}},"28":{"start":{"line":71,"column":28},"end":{"line":73,"column":3}},"29":{"start":{"line":72,"column":4},"end":{"line":72,"column":29}},"30":{"start":{"line":75,"column":2},"end":{"line":77,"column":3}},"31":{"start":{"line":76,"column":4},"end":{"line":76,"column":66}},"32":{"start":{"line":79,"column":2},"end":{"line":88,"column":3}},"33":{"start":{"line":80,"column":4},"end":{"line":87,"column":6}},"34":{"start":{"line":90,"column":2},"end":{"line":92,"column":3}},"35":{"start":{"line":91,"column":4},"end":{"line":91,"column":55}},"36":{"start":{"line":94,"column":2},"end":{"line":133,"column":4}},"37":{"start":{"line":129,"column":23},"end":{"line":129,"column":48}},"38":{"start":{"line":130,"column":25},"end":{"line":130,"column":43}}},"fnMap":{"0":{"name":"(anonymous_0)","decl":{"start":{"line":7,"column":24},"end":{"line":7,"column":25}},"loc":{"start":{"line":7,"column":66},"end":{"line":43,"column":1}},"line":7},"1":{"name":"(anonymous_1)","decl":{"start":{"line":10,"column":23},"end":{"line":10,"column":24}},"loc":{"start":{"line":10,"column":29},"end":{"line":21,"column":3}},"line":10},"2":{"name":"(anonymous_2)","decl":{"start":{"line":12,"column":12},"end":{"line":12,"column":13}},"loc":{"start":{"line":12,"column":18},"end":{"line":16,"column":7}},"line":12},"3":{"name":"(anonymous_3)","decl":{"start":{"line":17,"column":13},"end":{"line":17,"column":14}},"loc":{"start":{"line":17,"column":22},"end":{"line":20,"column":7}},"line":17},"4":{"name":"(anonymous_4)","decl":{"start":{"line":45,"column":20},"end":{"line":45,"column":21}},"loc":{"start":{"line":45,"column":26},"end":{"line":134,"column":1}},"line":45},"5":{"name":"(anonymous_5)","decl":{"start":{"line":53,"column":12},"end":{"line":53,"column":13}},"loc":{"start":{"line":53,"column":18},"end":{"line":55,"column":3}},"line":53},"6":{"name":"(anonymous_6)","decl":{"start":{"line":57,"column":20},"end":{"line":57,"column":21}},"loc":{"start":{"line":57,"column":26},"end":{"line":69,"column":3}},"line":57},"7":{"name":"(anonymous_7)","decl":{"start":{"line":59,"column":12},"end":{"line":59,"column":13}},"loc":{"start":{"line":59,"column":24},"end":{"line":62,"column":7}},"line":59},"8":{"name":"(anonymous_8)","decl":{"start":{"line":63,"column":13},"end":{"line":63,"column":14}},"loc":{"start":{"line":63,"column":22},"end":{"line":68,"column":7}},"line":63},"9":{"name":"(anonymous_9)","decl":{"start":{"line":71,"column":28},"end":{"line":71,"column":29}},"loc":{"start":{"line":71,"column":34},"end":{"line":73,"column":3}},"line":71},"10":{"name":"(anonymous_10)","decl":{"start":{"line":129,"column":17},"end":{"line":129,"column":18}},"loc":{"start":{"line":129,"column":23},"end":{"line":129,"column":48}},"line":129},"11":{"name":"(anonymous_11)","decl":{"start":{"line":130,"column":19},"end":{"line":130,"column":20}},"loc":{"start":{"line":130,"column":25},"end":{"line":130,"column":43}},"line":130}},"branchMap":{"0":{"loc":{"start":{"line":8,"column":2},"end":{"line":8,"column":36}},"type":"if","locations":[{"start":{"line":8,"column":2},"end":{"line":8,"column":36}},{"start":{},"end":{}}],"line":8},"1":{"loc":{"start":{"line":8,"column":6},"end":{"line":8,"column":22}},"type":"binary-expr","locations":[{"start":{"line":8,"column":6},"end":{"line":8,"column":13}},{"start":{"line":8,"column":17},"end":{"line":8,"column":22}}],"line":8},"2":{"loc":{"start":{"line":19,"column":20},"end":{"line":19,"column":76}},"type":"binary-expr","locations":[{"start":{"line":19,"column":20},"end":{"line":19,"column":49}},{"start":{"line":19,"column":53},"end":{"line":19,"column":76}}],"line":19},"3":{"loc":{"start":{"line":75,"column":2},"end":{"line":77,"column":3}},"type":"if","locations":[{"start":{"line":75,"column":2},"end":{"line":77,"column":3}},{"start":{},"end":{}}],"line":75},"4":{"loc":{"start":{"line":79,"column":2},"end":{"line":88,"column":3}},"type":"if","locations":[{"start":{"line":79,"column":2},"end":{"line":88,"column":3}},{"start":{},"end":{}}],"line":79},"5":{"loc":{"start":{"line":90,"column":2},"end":{"line":92,"column":3}},"type":"if","locations":[{"start":{"line":90,"column":2},"end":{"line":92,"column":3}},{"start":{},"end":{}}],"line":90},"6":{"loc":{"start":{"line":104,"column":14},"end":{"line":104,"column":60}},"type":"binary-expr","locations":[{"start":{"line":104,"column":14},"end":{"line":104,"column":30}},{"start":{"line":104,"column":34},"end":{"line":104,"column":60}}],"line":104},"7":{"loc":{"start":{"line":109,"column":40},"end":{"line":109,"column":69}},"type":"binary-expr","locations":[{"start":{"line":109,"column":40},"end":{"line":109,"column":50}},{"start":{"line":109,"column":54},"end":{"line":109,"column":69}}],"line":109},"8":{"loc":{"start":{"line":110,"column":39},"end":{"line":110,"column":67}},"type":"binary-expr","locations":[{"start":{"line":110,"column":39},"end":{"line":110,"column":48}},{"start":{"line":110,"column":52},"end":{"line":110,"column":67}}],"line":110},"9":{"loc":{"start":{"line":113,"column":51},"end":{"line":113,"column":137}},"type":"cond-expr","locations":[{"start":{"line":113,"column":74},"end":{"line":113,"column":125}},{"start":{"line":113,"column":128},"end":{"line":113,"column":137}}],"line":113},"10":{"loc":{"start":{"line":114,"column":51},"end":{"line":114,"column":76}},"type":"binary-expr","locations":[{"start":{"line":114,"column":51},"end":{"line":114,"column":71}},{"start":{"line":114,"column":75},"end":{"line":114,"column":76}}],"line":114},"11":{"loc":{"start":{"line":114,"column":81},"end":{"line":114,"column":102}},"type":"binary-expr","locations":[{"start":{"line":114,"column":81},"end":{"line":114,"column":97}},{"start":{"line":114,"column":101},"end":{"line":114,"column":102}}],"line":114}},"s":{"0":2,"1":13,"2":7,"3":6,"4":0,"5":0,"6":0,"7":0,"8":0,"9":0,"10":6,"11":2,"12":25,"13":25,"14":25,"15":24,"16":24,"17":24,"18":24,"19":9,"20":24,"21":9,"22":8,"23":8,"24":1,"25":1,"26":1,"27":1,"28":24,"29":6,"30":24,"31":9,"32":15,"33":1,"34":14,"35":1,"36":13,"37":0,"38":0},"f":{"0":13,"1":0,"2":0,"3":0,"4":25,"5":9,"6":9,"7":8,"8":1,"9":6,"10":0,"11":0},"b":{"0":[7,6],"1":[13,6],"2":[0,0],"3":[9,15],"4":[1,14],"5":[1,13],"6":[13,0],"7":[13,0],"8":[13,0],"9":[13,0],"10":[13,0],"11":[13,0]},"_coverageSchema":"1a1c01bbd47fc00a2c39e90264f33305004495a9","hash":"ad2839a42a17982fc92290687ea77b0a9f82b319"}
,"/root/library/library-app/src/BookForm.js": {"path":"/root/library/library-app/src/BookForm.js","statementMap":{"0":{"start":{"line":3,"column":17},"end":{"line":130,"column":1}},"1":{"start":{"line":4,"column":2},"end":{"line":129,"column":4}}},"fnMap":{"0":{"name":"(anonymous_0)","decl":{"start":{"line":3,"column":17},"end":{"line":3,"column":18}},"loc":{"start":{"line":3,"column":86},"end":{"line":130,"column":1}},"line":3}},"branchMap":{"0":{"loc":{"start":{"line":13,"column":17},"end":{"line":13,"column":33}},"type":"binary-expr","locations":[{"start":{"line":13,"column":17},"end":{"line":13,"column":27}},{"start":{"line":13,"column":31},"end":{"line":13,"column":33}}],"line":13},"1":{"loc":{"start":{"line":26,"column":17},"end":{"line":26,"column":34}},"type":"binary-expr","locations":[{"start":{"line":26,"column":17},"end":{"line":26,"column":28}},{"start":{"line":26,"column":32},"end":{"line":26,"column":34}}],"line":26},"2":{"loc":{"start":{"line":38,"column":17},"end":{"line":38,"column":39}},"type":"binary-expr","locations":[{"start":{"line":38,"column":17},"end":{"line":38,"column":33}},{"start":{"line":38,"column":37},"end":{"line":38,"column":39}}],"line":38},"3":{"loc":{"start":{"line":52,"column":19},"end":{"line":52,"column":45}},"type":"binary-expr","locations":[{"start":{"line":52,"column":19},"end":{"line":52,"column":39}},{"start":{"line":52,"column":43},"end":{"line":52,"column":45}}],"line":52},"4":{"loc":{"start":{"line":64,"column":19},"end":{"line":64,"column":34}},"type":"binary-expr","locations":[{"start":{"line":64,"column":19},"end":{"line":64,"column":28}},{"start":{"line":64,"column":32},"end":{"line":64,"column":34}}],"line":64},"5":{"loc":{"start":{"line":78,"column":17},"end":{"line":78,"column":33}},"type":"binary-expr","locations":[{"start":{"line":78,"column":17},"end":{"line":78,"column":27}},{"start":{"line":78,"column":31},"end":{"line":78,"column":33}}],"line":78},"6":{"loc":{"start":{"line":91,"column":19},"end":{"line":91,"column":44}},"type":"binary-expr","locations":[{"start":{"line":91,"column":19},"end":{"line":91,"column":39}},{"start":{"line":91,"column":43},"end":{"line":91,"column":44}}],"line":91},"7":{"loc":{"start":{"line":104,"column":19},"end":{"line":104,"column":40}},"type":"binary-expr","locations":[{"start":{"line":104,"column":19},"end":{"line":104,"column":35}},{"start":{"line":104,"column":39},"end":{"line":104,"column":40}}],"line":104},"8":{"loc":{"start":{"line":117,"column":11},"end":{"line":117,"column":49}},"type":"cond-expr","locations":[{"start":{"line":117,"column":21},"end":{"line":117,"column":36}},{"start":{"line":117,"column":39},"end":{"line":117,"column":49}}],"line":117}},"s":{"0":4,"1":430},"f":{"0":430},"b":{"0":[430,14],"1":[430,92],"2":[430,188],"3":[430,242],"4":[430,229],"5":[430,284],"6":[430,5],"7":[430,5],"8":[9,421]},"_coverageSchema":"1a1c01bbd47fc00a2c39e90264f33305004495a9","hash":"1ca122db980a51c00ec4fe79b1831d4a3b8297c1"}
,"/root/library/library-app/src/BookList.js": {"path":"/root/library/library-app/src/BookList.js","statementMap":{"0":{"start":{"line":7,"column":24},"end":{"line":43,"column":1}},"1":{"start":{"line":8,"column":2},"end":{"line":8,"column":36}},"2":{"start":{"line":8,"column":24},"end":{"line":8,"column":36}},"3":{"start":{"line":10,"column":23},"end":{"line":21,"column":3}},"4":{"start":{"line":11,"column":4},"end":{"line":20,"column":9}},"5":{"start":{"line":13,"column":8},"end":{"line":13,"column":51}},"6":{"start":{"line":14,"column":8},"end":{"line":14,"column":20}},"7":{"start":{"line":15,"column":8},"end":{"line":15,"column":18}},"8":{"start":{"line":18,"column":8},"end":{"line":18,"column":53}},"9":{"start":{"line":19,"column":8},"end":{"line":19,"column":78}},"10":{"start":{"line":23,"column":2},"end":{"line":42,"column":4}},"11":{"start":{"line":45,"column":17},"end":{"line":129,"column":1}},"12":{"start":{"line":46,"column":28},"end":{"line":46,"column":40}},"13":{"start":{"line":47,"column":32},"end":{"line":47,"column":46}},"14":{"start":{"line":48,"column":28},"end":{"line":48,"column":42}},"15":{"start":{"line":49,"column":48},"end":{"line":49,"column":63}},"16":{"start":{"line":50,"column":42},"end":{"line":50,"column":56}},"17":{"start":{"line":52,"column":2},"end":{"line":54,"column":9}},"18":{"start":{"line":53,"column":4},"end":{"line":53,"column":17}},"19":{"start":{"line":56,"column":21},"end":{"line":69,"column":3}},"20":{"start":{"line":57,"column":4},"end":{"line":57,"column":21}},"21":{"start":{"line":58,"column":4},"end":{"line":68,"column":9}},"22":{"start":{"line":60,"column":8},"end":{"line":60,"column":32}},"23":{"start":{"line":61,"column":8},"end":{"line":61,"column":26}},"24":{"start":{"line":64,"column":8},"end":{"line":64,"column":54}},"25":{"start":{"line":65,"column":8},"end":{"line":65,"column":66}},"26":{"start":{"line":66,"column":8},"end":{"line":66,"column":26}},"27":{"start":{"line":67,"column":8},"end":{"line":67,"column":44}},"28":{"start":{"line":71,"column":28},"end":{"line":74,"column":3}},"29":{"start":{"line":72,"column":4},"end":{"line":72,"column":26}},"30":{"start":{"line":73,"column":4},"end":{"line":73,"column":29}},"31":{"start":{"line":76,"column":2},"end":{"line":78,"column":3}},"32":{"start":{"line":77,"column":4},"end":{"line":77,"column":59}},"33":{"start":{"line":80,"column":2},"end":{"line":82,"column":3}},"34":{"start":{"line":81,"column":4},"end":{"line":81,"column":48}},"35":{"start":{"line":84,"column":2},"end":{"line":128,"column":4}},"36":{"start":{"line":94,"column":12},"end":{"line":113,"column":18}},"37":{"start":{"line":110,"column":41},"end":{"line":110,"column":64}},"38":{"start":{"line":122,"column":23},"end":{"line":122,"column":48}},"39":{"start":{"line":124,"column":10},"end":{"line":124,"column":71}},"40":{"start":{"line":124,"column":40},"end":{"line":124,"column":68}}},"fnMap":{"0":{"name":"(anonymous_0)","decl":{"start":{"line":7,"column":24},"end":{"line":7,"column":25}},"loc":{"start":{"line":7,"column":66},"end":{"line":43,"column":1}},"line":7},"1":{"name":"(anonymous_1)","decl":{"start":{"line":10,"column":23},"end":{"line":10,"column":24}},"loc":{"start":{"line":10,"column":29},"end":{"line":21,"column":3}},"line":10},"2":{"name":"(anonymous_2)","decl":{"start":{"line":12,"column":12},"end":{"line":12,"column":13}},"loc":{"start":{"line":12,"column":18},"end":{"line":16,"column":7}},"line":12},"3":{"name":"(anonymous_3)","decl":{"start":{"line":17,"column":13},"end":{"line":17,"column":14}},"loc":{"start":{"line":17,"column":22},"end":{"line":20,"column":7}},"line":17},"4":{"name":"(anonymous_4)","decl":{"start":{"line":45,"column":17},"end":{"line":45,"column":18}},"loc":{"start":{"line":45,"column":23},"end":{"line":129,"column":1}},"line":45},"5":{"name":"(anonymous_5)","decl":{"start":{"line":52,"column":12},"end":{"line":52,"column":13}},"loc":{"start":{"line":52,"column":18},"end":{"line":54,"column":3}},"line":52},"6":{"name":"(anonymous_6)","decl":{"start":{"line":56,"column":21},"end":{"line":56,"column":22}},"loc":{"start":{"line":56,"column":27},"end":{"line":69,"column":3}},"line":56},"7":{"name":"(anonymous_7)","decl":{"start":{"line":59,"column":12},"end":{"line":59,"column":13}},"loc":{"start":{"line":59,"column":24},"end":{"line":62,"column":7}},"line":59},"8":{"name":"(anonymous_8)","decl":{"start":{"line":63,"column":13},"end":{"line":63,"column":14}},"loc":{"start":{"line":63,"column":22},"end":{"line":68,"column":7}},"line":63},"9":{"name":"(anonymous_9)","decl":{"start":{"line":71,"column":28},"end":{"line":71,"column":29}},"loc":{"start":{"line":71,"column":38},"end":{"line":74,"column":3}},"line":71},"10":{"name":"(anonymous_10)","decl":{"start":{"line":93,"column":20},"end":{"line":93,"column":21}},"loc":{"start":{"line":94,"column":12},"end":{"line":113,"column":18}},"line":94},"11":{"name":"(anonymous_11)","decl":{"start":{"line":110,"column":35},"end":{"line":110,"column":36}},"loc":{"start":{"line":110,"column":41},"end":{"line":110,"column":64}},"line":110},"12":{"name":"(anonymous_12)","decl":{"start":{"line":122,"column":17},"end":{"line":122,"column":18}},"loc":{"start":{"line":122,"column":23},"end":{"line":122,"column":48}},"line":122},"13":{"name":"(anonymous_13)","decl":{"start":{"line":123,"column":19},"end":{"line":123,"column":20}},"loc":{"start":{"line":123,"column":25},"end":{"line":125,"column":9}},"line":123},"14":{"name":"(anonymous_14)","decl":{"start":{"line":124,"column":32},"end":{"line":124,"column":33}},"loc":{"start":{"line":124,"column":40},"end":{"line":124,"column":68}},"line":124}},"branchMap":{"0":{"loc":{"start":{"line":8,"column":2},"end":{"line":8,"column":36}},"type":"if","locations":[{"start":{"line":8,"column":2},"end":{"line":8,"column":36}},{"start":{},"end":{}}],"line":8},"1":{"loc":{"start":{"line":8,"column":6},"end":{"line":8,"column":22}},"type":"binary-expr","locations":[{"start":{"line":8,"column":6},"end":{"line":8,"column":13}},{"start":{"line":8,"column":17},"end":{"line":8,"column":22}}],"line":8},"2":{"loc":{"start":{"line":19,"column":20},"end":{"line":19,"column":76}},"type":"binary-expr","locations":[{"start":{"line":19,"column":20},"end":{"line":19,"column":49}},{"start":{"line":19,"column":53},"end":{"line":19,"column":76}}],"line":19},"3":{"loc":{"start":{"line":76,"column":2},"end":{"line":78,"column":3}},"type":"if","locations":[{"start":{"line":76,"column":2},"end":{"line":78,"column":3}},{"start":{},"end":{}}],"line":76},"4":{"loc":{"start":{"line":80,"column":2},"end":{"line":82,"column":3}},"type":"if","locations":[{"start":{"line":80,"column":2},"end":{"line":82,"column":3}},{"start":{},"end":{}}],"line":80},"5":{"loc":{"start":{"line":90,"column":9},"end":{"line":115,"column":9}},"type":"cond-expr","locations":[{"start":{"line":91,"column":10},"end":{"line":91,"column":80}},{"start":{"line":93,"column":10},"end":{"line":114,"column":12}}],"line":90},"6":{"loc":{"start":{"line":99,"column":19},"end":{"line":101,"column":48}},"type":"cond-expr","locations":[{"start":{"line":100,"column":21},"end":{"line":100,"column":114}},{"start":{"line":101,"column":22},"end":{"line":101,"column":48}}],"line":99},"7":{"loc":{"start":{"line":100,"column":21},"end":{"line":100,"column":114}},"type":"cond-expr","locations":[{"start":{"line":100,"column":53},"end":{"line":100,"column":95}},{"start":{"line":100,"column":98},"end":{"line":100,"column":114}}],"line":100},"8":{"loc":{"start":{"line":104,"column":46},"end":{"line":104,"column":75}},"type":"binary-expr","locations":[{"start":{"line":104,"column":46},"end":{"line":104,"column":56}},{"start":{"line":104,"column":60},"end":{"line":104,"column":75}}],"line":104},"9":{"loc":{"start":{"line":105,"column":57},"end":{"line":105,"column":82}},"type":"binary-expr","locations":[{"start":{"line":105,"column":57},"end":{"line":105,"column":77}},{"start":{"line":105,"column":81},"end":{"line":105,"column":82}}],"line":105},"10":{"loc":{"start":{"line":105,"column":87},"end":{"line":105,"column":108}},"type":"binary-expr","locations":[{"start":{"line":105,"column":87},"end":{"line":105,"column":103}},{"start":{"line":105,"column":107},"end":{"line":105,"column":108}}],"line":105}},"s":{"0":1,"1":14,"2":8,"3":6,"4":0,"5":0,"6":0,"7":0,"8":0,"9":0,"10":6,"11":1,"12":25,"13":24,"14":24,"15":24,"16":24,"17":24,"18":9,"19":24,"20":9,"21":9,"22":8,"23":8,"24":1,"25":1,"26":1,"27":1,"28":24,"29":6,"30":6,"31":24,"32":9,"33":15,"34":1,"35":14,"36":26,"37":6,"38":0,"39":0,"40":0},"f":{"0":14,"1":0,"2":0,"3":0,"4":25,"5":9,"6":9,"7":8,"8":1,"9":6,"10":26,"11":6,"12":0,"13":0,"14":0},"b":{"0":[8,6],"1":[14,6],"2":[0,0],"3":[9,15],"4":[1,14],"5":[1,13],"6":[26,0],"7":[0,26],"8":[26,0],"9":[26,0],"10":[26,0]},"_coverageSchema":"1a1c01bbd47fc00a2c39e90264f33305004495a9","hash":"9cb2bef8c351ca5e86bb8910108a7d6d75bdb998"}
,"/root/library/library-app/src/BookService.js": {"path":"/root/library/library-app/src/BookService.js","statementMap":{"0":{"start":{"line":4,"column":22},"end":{"line":4,"column":27}},"1":{"start":{"line":7,"column":16},"end":{"line":7,"column":54}},"2":{"start":{"line":10,"column":23},"end":{"line":20,"column":1}},"3":{"start":{"line":11,"column":2},"end":{"line":11,"column":34}},"4":{"start":{"line":11,"column":21},"end":{"line":11,"column":34}},"5":{"start":{"line":13,"column":2},"end":{"line":19,"column":3}},"6":{"start":{"line":14,"column":4},"end":{"line":14,"column":60}},"7":{"start":{"line":15,"column":4},"end":{"line":15,"column":16}},"8":{"start":{"line":17,"column":4},"end":{"line":17,"column":61}},"9":{"start":{"line":18,"column":4},"end":{"line":18,"column":17}},"10":{"start":{"line":23,"column":24},"end":{"line":23,"column":48}},"11":{"start":{"line":23,"column":30},"end":{"line":23,"column":48}},"12":{"start":{"line":24,"column":24},"end":{"line":24,"column":61}},"13":{"start":{"line":24,"column":32},"end":{"line":24,"column":61}},"14":{"start":{"line":25,"column":23},"end":{"line":25,"column":58}},"15":{"start":{"line":25,"column":33},"end":{"line":25,"column":58}},"16":{"start":{"line":26,"column":23},"end":{"line":26,"column":72}},"17":{"start":{"line":26,"column":37},"end":{"line":26,"column":72}},"18":{"start":{"line":27,"column":23},"end":{"line":27,"column":63}},"19":{"start":{"line":27,"column":31},"end":{"line":27,"column":63}},"20":{"start":{"line":28,"column":24},"end":{"line":28,"column":80}},"21":{"start":{"line":28,"column":35},"end":{"line":28,"column":80}},"22":{"start":{"line":31,"column":20},"end":{"line":38,"column":1}},"23":{"start":{"line":32,"column":21},"end":{"line":32,"column":38}},"24":{"start":{"line":33,"column":23},"end":{"line":33,"column":42}},"25":{"start":{"line":34,"column":24},"end":{"line":34,"column":44}},"26":{"start":{"line":35,"column":28},"end":{"line":35,"column":52}},"27":{"start":{"line":36,"column":22},"end":{"line":36,"column":40}},"28":{"start":{"line":37,"column":26},"end":{"line":37,"column":48}}},"fnMap":{"0":{"name":"(anonymous_0)","decl":{"start":{"line":10,"column":23},"end":{"line":10,"column":24}},"loc":{"start":{"line":10,"column":35},"end":{"line":20,"column":1}},"line":10},"1":{"name":"(anonymous_1)","decl":{"start":{"line":23,"column":24},"end":{"line":23,"column":25}},"loc":{"start":{"line":23,"column":30},"end":{"line":23,"column":48}},"line":23},"2":{"name":"(anonymous_2)","decl":{"start":{"line":24,"column":24},"end":{"line":24,"column":25}},"loc":{"start":{"line":24,"column":32},"end":{"line":24,"column":61}},"line":24},"3":{"name":"(anonymous_3)","decl":{"start":{"line":25,"column":23},"end":{"line":25,"column":24}},"loc":{"start":{"line":25,"column":33},"end":{"line":25,"column":58}},"line":25},"4":{"name":"(anonymous_4)","decl":{"start":{"line":26,"column":23},"end":{"line":26,"column":24}},"loc":{"start":{"line":26,"column":37},"end":{"line":26,"column":72}},"line":26},"5":{"name":"(anonymous_5)","decl":{"start":{"line":27,"column":23},"end":{"line":27,"column":24}},"loc":{"start":{"line":27,"column":31},"end":{"line":27,"column":63}},"line":27},"6":{"name":"(anonymous_6)","decl":{"start":{"line":28,"column":24},"end":{"line":28,"column":25}},"loc":{"start":{"line":28,"column":35},"end":{"line":28,"column":80}},"line":28},"7":{"name":"(anonymous_7)","decl":{"start":{"line":32,"column":15},"end":{"line":32,"column":16}},"loc":{"start":{"line":32,"column":21},"end":{"line":32,"column":38}},"line":32},"8":{"name":"(anonymous_8)","decl":{"start":{"line":33,"column":15},"end":{"line":33,"column":16}},"loc":{"start":{"line":33,"column":23},"end":{"line":33,"column":42}},"line":33},"9":{"name":"(anonymous_9)","decl":{"start":{"line":34,"column":14},"end":{"line":34,"column":15}},"loc":{"start":{"line":34,"column":24},"end":{"line":34,"column":44}},"line":34},"10":{"name":"(anonymous_10)","decl":{"start":{"line":35,"column":14},"end":{"line":35,"column":15}},"loc":{"start":{"line":35,"column":28},"end":{"line":35,"column":52}},"line":35},"11":{"name":"(anonymous_11)","decl":{"start":{"line":36,"column":14},"end":{"line":36,"column":15}},"loc":{"start":{"line":36,"column":22},"end":{"line":36,"column":40}},"line":36},"12":{"name":"(anonymous_12)","decl":{"start":{"line":37,"column":15},"end":{"line":37,"column":16}},"loc":{"start":{"line":37,"column":26},"end":{"line":37,"column":48}},"line":37}},"branchMap":{"0":{"loc":{"start":{"line":11,"column":2},"end":{"line":11,"column":34}},"type":"if","locations":[{"start":{"line":11,"column":2},"end":{"line":11,"column":34}},{"start":{},"end":{}}],"line":11}},"s":{"0":8,"1":8,"2":8,"3":0,"4":0,"5":0,"6":0,"7":0,"8":0,"9":0,"10":8,"11":1,"12":8,"13":1,"14":8,"15":1,"16":8,"17":1,"18":8,"19":1,"20":8,"21":1,"22":8,"23":1,"24":1,"25":1,"26":1,"27":1,"28":1},"f":{"0":0,"1":1,"2":1,"3":1,"4":1,"5":1,"6":1,"7":1,"8":1,"9":1,"10":1,"11":1,"12":1},"b":{"0":[0,0]},"_coverageSchema":"1a1c01bbd47fc00a2c39e90264f33305004495a9","hash":"39dbc786f3e9f2f7fee306ac02fd96254dbd4693"}
,"/root/library/library-app/src/DeleteBookModal.js": {"path":"/root/library/library-app/src/DeleteBookModal.js","statementMap":{"0":{"start":{"line":5,"column":24},"end":{"line":42,"column":1}},"1":{"start":{"line":6,"column":2},"end":{"line":6,"column":36}},"2":{"start":{"line":6,"column":24},"end":{"line":6,"column":36}},"3":{"start":{"line":8,"column":23},"end":{"line":19,"column":3}},"4":{"start":{"line":9,"column":4},"end":{"line":18,"column":9}},"5":{"start":{"line":11,"column":8},"end":{"line":11,"column":51}},"6":{"start":{"line":12,"column":8},"end":{"line":12,"column":20}},"7":{"start":{"line":13,"column":8},"end":{"line":13,"column":18}},"8":{"start":{"line":16,"column":8},"end":{"line":16,"column":53}},"9":{"start":{"line":17,"column":8},"end":{"line":17,"column":78}},"10":{"start":{"line":21,"column":2},"end":{"line":41,"column":4}},"11":{"start":{"line":23,"column":43},"end":{"line":23,"column":62}}},"fnMap":{"0":{"name":"(anonymous_0)","decl":{"start":{"line":5,"column":24},"end":{"line":5,"column":25}},"loc":{"start":{"line":5,"column":66},"end":{"line":42,"column":1}},"line":5},"1":{"name":"(anonymous_1)","decl":{"start":{"line":8,"column":23},"end":{"line":8,"column":24}},"loc":{"start":{"line":8,"column":29},"end":{"line":19,"column":3}},"line":8},"2":{"name":"(anonymous_2)","decl":{"start":{"line":10,"column":12},"end":{"line":10,"column":13}},"loc":{"start":{"line":10,"column":18},"end":{"line":14,"column":7}},"line":10},"3":{"name":"(anonymous_3)","decl":{"start":{"line":15,"column":13},"end":{"line":15,"column":14}},"loc":{"start":{"line":15,"column":22},"end":{"line":18,"column":7}},"line":15},"4":{"name":"(anonymous_4)","decl":{"start":{"line":23,"column":38},"end":{"line":23,"column":39}},"loc":{"start":{"line":23,"column":43},"end":{"line":23,"column":62}},"line":23}},"branchMap":{"0":{"loc":{"start":{"line":6,"column":2},"end":{"line":6,"column":36}},"type":"if","locations":[{"start":{"line":6,"column":2},"end":{"line":6,"column":36}},{"start":{},"end":{}}],"line":6},"1":{"loc":{"start":{"line":6,"column":6},"end":{"line":6,"column":22}},"type":"binary-expr","locations":[{"start":{"line":6,"column":6},"end":{"line":6,"column":13}},{"start":{"line":6,"column":17},"end":{"line":6,"column":22}}],"line":6},"2":{"loc":{"start":{"line":17,"column":20},"end":{"line":17,"column":76}},"type":"binary-expr","locations":[{"start":{"line":17,"column":20},"end":{"line":17,"column":49}},{"start":{"line":17,"column":53},"end":{"line":17,"column":76}}],"line":17}},"s":{"0":1,"1":9,"2":2,"3":7,"4":3,"5":1,"6":1,"7":1,"8":2,"9":2,"10":7,"11":5},"f":{"0":9,"1":3,"2":1,"3":2,"4":5},"b":{"0":[2,7],"1":[9,8],"2":[2,1]},"_coverageSchema":"1a1c01bbd47fc00a2c39e90264f33305004495a9","hash":"0ac63fc9a84a5d5b9e195deebac3e632e9cddefb"}
,"/root/library/library-app/src/EditBook.js": {"path":"/root/library/library-app/src/EditBook.js","statementMap":{"0":{"start":{"line":9,"column":17},"end":{"line":133,"column":1}},"1":{"start":{"line":10,"column":17},"end":{"line":10,"column":28}},"2":{"start":{"line":11,"column":19},"end":{"line":11,"column":32}},"3":{"start":{"line":12,"column":32},"end":{"line":12,"column":46}},"4":{"start":{"line":13,"column":30},"end":{"line":13,"column":45}},"5":{"start":{"line":14,"column":28},"end":{"line":14,"column":42}},"6":{"start":{"line":15,"column":26},"end":{"line":24,"column":4}},"7":{"start":{"line":26,"column":2},"end":{"line":28,"column":11}},"8":{"start":{"line":27,"column":4},"end":{"line":27,"column":16}},"9":{"start":{"line":30,"column":20},"end":{"line":48,"column":3}},"10":{"start":{"line":31,"column":4},"end":{"line":47,"column":9}},"11":{"start":{"line":33,"column":25},"end":{"line":33,"column":38}},"12":{"start":{"line":35,"column":8},"end":{"line":38,"column":9}},"13":{"start":{"line":36,"column":23},"end":{"line":36,"column":57}},"14":{"start":{"line":37,"column":10},"end":{"line":37,"column":70}},"15":{"start":{"line":39,"column":8},"end":{"line":39,"column":26}},"16":{"start":{"line":40,"column":8},"end":{"line":40,"column":26}},"17":{"start":{"line":43,"column":8},"end":{"line":43,"column":53}},"18":{"start":{"line":44,"column":8},"end":{"line":44,"column":92}},"19":{"start":{"line":45,"column":8},"end":{"line":45,"column":26}},"20":{"start":{"line":46,"column":8},"end":{"line":46,"column":48}},"21":{"start":{"line":50,"column":23},"end":{"line":53,"column":3}},"22":{"start":{"line":51,"column":28},"end":{"line":51,"column":36}},"23":{"start":{"line":52,"column":4},"end":{"line":52,"column":40}},"24":{"start":{"line":55,"column":23},"end":{"line":76,"column":3}},"25":{"start":{"line":56,"column":4},"end":{"line":59,"column":5}},"26":{"start":{"line":57,"column":6},"end":{"line":57,"column":39}},"27":{"start":{"line":58,"column":6},"end":{"line":58,"column":19}},"28":{"start":{"line":60,"column":4},"end":{"line":63,"column":5}},"29":{"start":{"line":61,"column":6},"end":{"line":61,"column":40}},"30":{"start":{"line":62,"column":6},"end":{"line":62,"column":19}},"31":{"start":{"line":65,"column":4},"end":{"line":68,"column":5}},"32":{"start":{"line":66,"column":6},"end":{"line":66,"column":59}},"33":{"start":{"line":67,"column":6},"end":{"line":67,"column":19}},"34":{"start":{"line":70,"column":4},"end":{"line":73,"column":5}},"35":{"start":{"line":71,"column":6},"end":{"line":71,"column":65}},"36":{"start":{"line":72,"column":6},"end":{"line":72,"column":19}},"37":{"start":{"line":75,"column":4},"end":{"line":75,"column":16}},"38":{"start":{"line":78,"column":23},"end":{"line":105,"column":3}},"39":{"start":{"line":79,"column":4},"end":{"line":79,"column":23}},"40":{"start":{"line":81,"column":4},"end":{"line":83,"column":5}},"41":{"start":{"line":82,"column":6},"end":{"line":82,"column":13}},"42":{"start":{"line":85,"column":4},"end":{"line":85,"column":20}},"43":{"start":{"line":88,"column":21},"end":{"line":92,"column":5}},"44":{"start":{"line":93,"column":4},"end":{"line":104,"column":9}},"45":{"start":{"line":95,"column":8},"end":{"line":95,"column":52}},"46":{"start":{"line":96,"column":8},"end":{"line":96,"column":33}},"47":{"start":{"line":99,"column":8},"end":{"line":99,"column":53}},"48":{"start":{"line":100,"column":8},"end":{"line":100,"column":78}},"49":{"start":{"line":103,"column":8},"end":{"line":103,"column":25}},"50":{"start":{"line":107,"column":2},"end":{"line":109,"column":3}},"51":{"start":{"line":108,"column":4},"end":{"line":108,"column":54}},"52":{"start":{"line":111,"column":2},"end":{"line":113,"column":3}},"53":{"start":{"line":112,"column":4},"end":{"line":112,"column":37}},"54":{"start":{"line":115,"column":2},"end":{"line":132,"column":4}},"55":{"start":{"line":128,"column":30},"end":{"line":128,"column":54}}},"fnMap":{"0":{"name":"(anonymous_0)","decl":{"start":{"line":9,"column":17},"end":{"line":9,"column":18}},"loc":{"start":{"line":9,"column":23},"end":{"line":133,"column":1}},"line":9},"1":{"name":"(anonymous_1)","decl":{"start":{"line":26,"column":12},"end":{"line":26,"column":13}},"loc":{"start":{"line":26,"column":18},"end":{"line":28,"column":3}},"line":26},"2":{"name":"(anonymous_2)","decl":{"start":{"line":30,"column":20},"end":{"line":30,"column":21}},"loc":{"start":{"line":30,"column":26},"end":{"line":48,"column":3}},"line":30},"3":{"name":"(anonymous_3)","decl":{"start":{"line":32,"column":12},"end":{"line":32,"column":13}},"loc":{"start":{"line":32,"column":24},"end":{"line":41,"column":7}},"line":32},"4":{"name":"(anonymous_4)","decl":{"start":{"line":42,"column":13},"end":{"line":42,"column":14}},"loc":{"start":{"line":42,"column":22},"end":{"line":47,"column":7}},"line":42},"5":{"name":"(anonymous_5)","decl":{"start":{"line":50,"column":23},"end":{"line":50,"column":24}},"loc":{"start":{"line":50,"column":30},"end":{"line":53,"column":3}},"line":50},"6":{"name":"(anonymous_6)","decl":{"start":{"line":55,"column":23},"end":{"line":55,"column":24}},"loc":{"start":{"line":55,"column":29},"end":{"line":76,"column":3}},"line":55},"7":{"name":"(anonymous_7)","decl":{"start":{"line":78,"column":23},"end":{"line":78,"column":24}},"loc":{"start":{"line":78,"column":30},"end":{"line":105,"column":3}},"line":78},"8":{"name":"(anonymous_8)","decl":{"start":{"line":94,"column":12},"end":{"line":94,"column":13}},"loc":{"start":{"line":94,"column":24},"end":{"line":97,"column":7}},"line":94},"9":{"name":"(anonymous_9)","decl":{"start":{"line":98,"column":13},"end":{"line":98,"column":14}},"loc":{"start":{"line":98,"column":22},"end":{"line":101,"column":7}},"line":98},"10":{"name":"(anonymous_10)","decl":{"start":{"line":102,"column":15},"end":{"line":102,"column":16}},"loc":{"start":{"line":102,"column":21},"end":{"line":104,"column":7}},"line":102},"11":{"name":"(anonymous_11)","decl":{"start":{"line":128,"column":24},"end":{"line":128,"column":25}},"loc":{"start":{"line":128,"column":30},"end":{"line":128,"column":54}},"line":128}},"branchMap":{"0":{"loc":{"start":{"line":35,"column":8},"end":{"line":38,"column":9}},"type":"if","locations":[{"start":{"line":35,"column":8},"end":{"line":38,"column":9}},{"start":{},"end":{}}],"line":35},"1":{"loc":{"start":{"line":56,"column":4},"end":{"line":59,"column":5}},"type":"if","locations":[{"start":{"line":56,"column":4},"end":{"line":59,"column":5}},{"start":{},"end":{}}],"line":56},"2":{"loc":{"start":{"line":60,"column":4},"end":{"line":63,"column":5}},"type":"if","locations":[{"start":{"line":60,"column":4},"end":{"line":63,"column":5}},{"start":{},"end":{}}],"line":60},"3":{"loc":{"start":{"line":65,"column":4},"end":{"line":68,"column":5}},"type":"if","locations":[{"start":{"line":65,"column":4},"end":{"line":68,"column":5}},{"start":{},"end":{}}],"line":65},"4":{"loc":{"start":{"line":65,"column":8},"end":{"line":65,"column":69}},"type":"binary-expr","locations":[{"start":{"line":65,"column":8},"end":{"line":65,"column":17}},{"start":{"line":65,"column":22},"end":{"line":65,"column":43}},{"start":{"line":65,"column":47},"end":{"line":65,"column":68}}],"line":65},"5":{"loc":{"start":{"line":70,"column":4},"end":{"line":73,"column":5}},"type":"if","locations":[{"start":{"line":70,"column":4},"end":{"line":73,"column":5}},{"start":{},"end":{}}],"line":70},"6":{"loc":{"start":{"line":81,"column":4},"end":{"line":83,"column":5}},"type":"if","locations":[{"start":{"line":81,"column":4},"end":{"line":83,"column":5}},{"start":{},"end":{}}],"line":81},"7":{"loc":{"start":{"line":100,"column":20},"end":{"line":100,"column":76}},"type":"binary-expr","locations":[{"start":{"line":100,"column":20},"end":{"line":100,"column":49}},{"start":{"line":100,"column":53},"end":{"line":100,"column":76}}],"line":100},"8":{"loc":{"start":{"line":107,"column":2},"end":{"line":109,"column":3}},"type":"if","locations":[{"start":{"line":107,"column":2},"end":{"line":109,"column":3}},{"start":{},"end":{}}],"line":107},"9":{"loc":{"start":{"line":111,"column":2},"end":{"line":113,"column":3}},"type":"if","locations":[{"start":{"line":111,"column":2},"end":{"line":113,"column":3}},{"start":{},"end":{}}],"line":111}},"s":{"0":2,"1":98,"2":98,"3":98,"4":97,"5":97,"6":97,"7":97,"8":11,"9":97,"10":11,"11":10,"12":10,"13":10,"14":10,"15":10,"16":10,"17":1,"18":1,"19":1,"20":1,"21":97,"22":67,"23":67,"24":97,"25":7,"26":1,"27":1,"28":6,"29":1,"30":1,"31":5,"32":1,"33":1,"34":4,"35":0,"36":0,"37":4,"38":97,"39":7,"40":7,"41":3,"42":4,"43":4,"44":4,"45":2,"46":2,"47":2,"48":2,"49":4,"50":97,"51":11,"52":86,"53":1,"54":85,"55":1},"f":{"0":98,"1":11,"2":11,"3":10,"4":1,"5":67,"6":7,"7":7,"8":2,"9":2,"10":4,"11":1},"b":{"0":[10,0],"1":[1,6],"2":[1,5],"3":[1,4],"4":[5,5,4],"5":[0,4],"6":[3,4],"7":[2,1],"8":[11,86],"9":[1,85]},"_coverageSchema":"1a1c01bbd47fc00a2c39e90264f33305004495a9","hash":"88f4ec63473462abd5df07a57c6428c0a45d2068"}
,"/root/library/library-app/src/Error.js": {"path":"/root/library/library-app/src/Error.js","statementMap":{"0":{"start":{"line":4,"column":14},"end":{"line":14,"column":1}},"1":{"start":{"line":5,"column":2},"end":{"line":13,"column":4}}},"fnMap":{"0":{"name":"(anonymous_0)","decl":{"start":{"line":4,"column":14},"end":{"line":4,"column":15}},"loc":{"start":{"line":4,"column":80},"end":{"line":14,"column":1}},"line":4}},"branchMap":{"0":{"loc":{"start":{"line":4,"column":26},"end":{"line":4,"column":45}},"type":"default-arg","locations":[{"start":{"line":4,"column":37},"end":{"line":4,"column":45}}],"line":4},"1":{"loc":{"start":{"line":4,"column":47},"end":{"line":4,"column":73}},"type":"default-arg","locations":[{"start":{"line":4,"column":58},"end":{"line":4,"column":73}}],"line":4}},"s":{"0":3,"1":4},"f":{"0":4},"b":{"0":[3],"1":[3]},"_coverageSchema":"1a1c01bbd47fc00a2c39e90264f33305004495a9","hash":"b7792ce271dabb63ea5810d5d3f77c93c5fef051"}
,"/root/library/library-app/src/Footer.js": {"path":"/root/library/library-app/src/Footer.js","statementMap":{"0":{"start":{"line":3,"column":15},"end":{"line":12,"column":1}},"1":{"start":{"line":4,"column":2},"end":{"line":11,"column":4}}},"fnMap":{"0":{"name":"(anonymous_0)","decl":{"start":{"line":3,"column":15},"end":{"line":3,"column":16}},"loc":{"start":{"line":3,"column":21},"end":{"line":12,"column":1}},"line":3}},"branchMap":{},"s":{"0":1,"1":2},"f":{"0":2},"b":{},"_coverageSchema":"1a1c01bbd47fc00a2c39e90264f33305004495a9","hash":"fed6f2254d65c0a48dc0ab82a10c2ebc9f26b4ab"}
,"/root/library/library-app/src/Header.js": {"path":"/root/library/library-app/src/Header.js","statementMap":{"0":{"start":{"line":5,"column":15},"end":{"line":61,"column":1}},"1":{"start":{"line":6,"column":34},"end":{"line":6,"column":49}},"2":{"start":{"line":8,"column":21},"end":{"line":10,"column":3}},"3":{"start":{"line":9,"column":4},"end":{"line":9,"column":27}},"4":{"start":{"line":12,"column":2},"end":{"line":60,"column":4}},"5":{"start":{"line":30,"column":43},"end":{"line":30,"column":84}},"6":{"start":{"line":31,"column":29},"end":{"line":31,"column":47}},"7":{"start":{"line":37,"column":43},"end":{"line":37,"column":84}},"8":{"start":{"line":38,"column":29},"end":{"line":38,"column":47}},"9":{"start":{"line":44,"column":43},"end":{"line":44,"column":84}},"10":{"start":{"line":45,"column":29},"end":{"line":45,"column":47}},"11":{"start":{"line":51,"column":43},"end":{"line":51,"column":84}},"12":{"start":{"line":52,"column":29},"end":{"line":52,"column":47}}},"fnMap":{"0":{"name":"(anonymous_0)","decl":{"start":{"line":5,"column":15},"end":{"line":5,"column":16}},"loc":{"start":{"line":5,"column":21},"end":{"line":61,"column":1}},"line":5},"1":{"name":"(anonymous_1)","decl":{"start":{"line":8,"column":21},"end":{"line":8,"column":22}},"loc":{"start":{"line":8,"column":27},"end":{"line":10,"column":3}},"line":8},"2":{"name":"(anonymous_2)","decl":{"start":{"line":30,"column":25},"end":{"line":30,"column":26}},"loc":{"start":{"line":30,"column":43},"end":{"line":30,"column":84}},"line":30},"3":{"name":"(anonymous_3)","decl":{"start":{"line":31,"column":23},"end":{"line":31,"column":24}},"loc":{"start":{"line":31,"column":29},"end":{"line":31,"column":47}},"line":31},"4":{"name":"(anonymous_4)","decl":{"start":{"line":37,"column":25},"end":{"line":37,"column":26}},"loc":{"start":{"line":37,"column":43},"end":{"line":37,"column":84}},"line":37},"5":{"name":"(anonymous_5)","decl":{"start":{"line":38,"column":23},"end":{"line":38,"column":24}},"loc":{"start":{"line":38,"column":29},"end":{"line":38,"column":47}},"line":38},"6":{"name":"(anonymous_6)","decl":{"start":{"line":44,"column":25},"end":{"line":44,"column":26}},"loc":{"start":{"line":44,"column":43},"end":{"line":44,"column":84}},"line":44},"7":{"name":"(anonymous_7)","decl":{"start":{"line":45,"column":23},"end":{"line":45,"column":24}},"loc":{"start":{"line":45,"column":29},"end":{"line":45,"column":47}},"line":45},"8":{"name":"(anonymous_8)","decl":{"start":{"line":51,"column":25},"end":{"line":51,"column":26}},"loc":{"start":{"line":51,"column":43},"end":{"line":51,"column":84}},"line":51},"9":{"name":"(anonymous_9)","decl":{"start":{"line":52,"column":23},"end":{"line":52,"column":24}},"loc":{"start":{"line":52,"column":29},"end":{"line":52,"column":47}},"line":52}},"branchMap":{"0":{"loc":{"start":{"line":22,"column":41},"end":{"line":22,"column":63}},"type":"cond-expr","locations":[{"start":{"line":22,"column":52},"end":{"line":22,"column":58}},{"start":{"line":22,"column":61},"end":{"line":22,"column":63}}],"line":22},"1":{"loc":{"start":{"line":23,"column":41},"end":{"line":23,"column":63}},"type":"cond-expr","locations":[{"start":{"line":23,"column":52},"end":{"line":23,"column":58}},{"start":{"line":23,"column":61},"end":{"line":23,"column":63}}],"line":23},"2":{"loc":{"start":{"line":24,"column":41},"end":{"line":24,"column":63}},"type":"cond-expr","locations":[{"start":{"line":24,"column":52},"end":{"line":24,"column":58}},{"start":{"line":24,"column":61},"end":{"line":24,"column":63}}],"line":24},"3":{"loc":{"start":{"line":27,"column":39},"end":{"line":27,"column":61}},"type":"cond-expr","locations":[{"start":{"line":27,"column":50},"end":{"line":27,"column":56}},{"start":{"line":27,"column":59},"end":{"line":27,"column":61}}],"line":27},"4":{"loc":{"start":{"line":30,"column":43},"end":{"line":30,"column":84}},"type":"cond-expr","locations":[{"start":{"line":30,"column":54},"end":{"line":30,"column":71}},{"start":{"line":30,"column":74},"end":{"line":30,"column":84}}],"line":30},"5":{"loc":{"start":{"line":37,"column":43},"end":{"line":37,"column":84}},"type":"cond-expr","locations":[{"start":{"line":37,"column":54},"end":{"line":37,"column":71}},{"start":{"line":37,"column":74},"end":{"line":37,"column":84}}],"line":37},"6":{"loc":{"start":{"line":44,"column":43},"end":{"line":44,"column":84}},"type":"cond-expr","locations":[{"start":{"line":44,"column":54},"end":{"line":44,"column":71}},{"start":{"line":44,"column":74},"end":{"line":44,"column":84}}],"line":44},"7":{"loc":{"start":{"line":51,"column":43},"end":{"line":51,"column":84}},"type":"cond-expr","locations":[{"start":{"line":51,"column":54},"end":{"line":51,"column":71}},{"start":{"line":51,"column":74},"end":{"line":51,"column":84}}],"line":51}},"s":{"0":1,"1":10,"2":9,"3":2,"4":9,"5":10,"6":1,"7":10,"8":0,"9":10,"10":0,"11":10,"12":0},"f":{"0":10,"1":2,"2":10,"3":1,"4":10,"5":0,"6":10,"7":0,"8":10,"9":0},"b":{"0":[1,8],"1":[1,8],"2":[1,8],"3":[1,8],"4":[8,2],"5":[2,8],"6":[1,9],"7":[0,10]},"_coverageSchema":"1a1c01bbd47fc00a2c39e90264f33305004495a9","hash":"de31e40a46ac4c84dd19d00189b98a2d57054d67"}
,"/root/library/library-app/src/Loading.js": {"path":"/root/library/library-app/src/Loading.js","statementMap":{"0":{"start":{"line":3,"column":16},"end":{"line":10,"column":1}},"1":{"start":{"line":4,"column":2},"end":{"line":9,"column":4}}},"fnMap":{"0":{"name":"(anonymous_0)","decl":{"start":{"line":3,"column":16},"end":{"line":3,"column":17}},"loc":{"start":{"line":3,"column":48},"end":{"line":10,"column":1}},"line":3}},"branchMap":{"0":{"loc":{"start":{"line":3,"column":19},"end":{"line":3,"column":41}},"type":"default-arg","locations":[{"start":{"line":3,"column":29},"end":{"line":3,"column":41}}],"line":3}},"s":{"0":2,"1":11},"f":{"0":11},"b":{"0":[0]},"_coverageSchema":"1a1c01bbd47fc00a2c39e90264f33305004495a9","hash":"733c8bf1e958f090a32f5c5d4f58b7020c752eef"}
,"/root/library/library-app/src/MockDataService.js": {"path":"/root/library/library-app/src/MockDataService.js","statementMap":{"0":{"start":{"line":4,"column":19},"end":{"line":6,"column":3}},"1":{"start":{"line":5,"column":4},"end":{"line":5,"column":56}},"2":{"start":{"line":9,"column":16},"end":{"line":9,"column":54}},"3":{"start":{"line":12,"column":20},"end":{"line":85,"column":3}},"4":{"start":{"line":88,"column":33},"end":{"line":92,"column":3}},"5":{"start":{"line":89,"column":4},"end":{"line":91,"column":5}},"6":{"start":{"line":90,"column":6},"end":{"line":90,"column":67}},"7":{"start":{"line":95,"column":22},"end":{"line":103,"column":3}},"8":{"start":{"line":96,"column":4},"end":{"line":96,"column":29}},"9":{"start":{"line":97,"column":4},"end":{"line":102,"column":7}},"10":{"start":{"line":98,"column":6},"end":{"line":101,"column":14}},"11":{"start":{"line":99,"column":22},"end":{"line":99,"column":73}},"12":{"start":{"line":100,"column":8},"end":{"line":100,"column":33}},"13":{"start":{"line":106,"column":22},"end":{"line":119,"column":3}},"14":{"start":{"line":107,"column":4},"end":{"line":118,"column":7}},"15":{"start":{"line":108,"column":6},"end":{"line":117,"column":14}},"16":{"start":{"line":109,"column":22},"end":{"line":109,"column":73}},"17":{"start":{"line":110,"column":21},"end":{"line":110,"column":55}},"18":{"start":{"line":110,"column":40},"end":{"line":110,"column":54}},"19":{"start":{"line":112,"column":8},"end":{"line":116,"column":9}},"20":{"start":{"line":113,"column":10},"end":{"line":113,"column":34}},"21":{"start":{"line":115,"column":10},"end":{"line":115,"column":72}},"22":{"start":{"line":122,"column":21},"end":{"line":138,"column":3}},"23":{"start":{"line":123,"column":4},"end":{"line":137,"column":7}},"24":{"start":{"line":124,"column":6},"end":{"line":136,"column":14}},"25":{"start":{"line":125,"column":22},"end":{"line":125,"column":73}},"26":{"start":{"line":126,"column":24},"end":{"line":130,"column":9}},"27":{"start":{"line":132,"column":8},"end":{"line":132,"column":28}},"28":{"start":{"line":133,"column":8},"end":{"line":133,"column":65}},"29":{"start":{"line":135,"column":8},"end":{"line":135,"column":35}},"30":{"start":{"line":141,"column":21},"end":{"line":164,"column":3}},"31":{"start":{"line":142,"column":4},"end":{"line":163,"column":7}},"32":{"start":{"line":143,"column":6},"end":{"line":162,"column":14}},"33":{"start":{"line":144,"column":22},"end":{"line":144,"column":73}},"34":{"start":{"line":145,"column":22},"end":{"line":145,"column":61}},"35":{"start":{"line":145,"column":46},"end":{"line":145,"column":60}},"36":{"start":{"line":147,"column":8},"end":{"line":161,"column":9}},"37":{"start":{"line":148,"column":30},"end":{"line":153,"column":11}},"38":{"start":{"line":155,"column":10},"end":{"line":155,"column":37}},"39":{"start":{"line":156,"column":10},"end":{"line":156,"column":67}},"40":{"start":{"line":158,"column":10},"end":{"line":158,"column":41}},"41":{"start":{"line":160,"column":10},"end":{"line":160,"column":72}},"42":{"start":{"line":167,"column":21},"end":{"line":183,"column":3}},"43":{"start":{"line":168,"column":4},"end":{"line":182,"column":7}},"44":{"start":{"line":169,"column":6},"end":{"line":181,"column":14}},"45":{"start":{"line":170,"column":22},"end":{"line":170,"column":73}},"46":{"start":{"line":171,"column":22},"end":{"line":171,"column":61}},"47":{"start":{"line":171,"column":46},"end":{"line":171,"column":60}},"48":{"start":{"line":173,"column":8},"end":{"line":180,"column":9}},"49":{"start":{"line":174,"column":10},"end":{"line":174,"column":33}},"50":{"start":{"line":175,"column":10},"end":{"line":175,"column":67}},"51":{"start":{"line":177,"column":10},"end":{"line":177,"column":70}},"52":{"start":{"line":179,"column":10},"end":{"line":179,"column":72}},"53":{"start":{"line":186,"column":22},"end":{"line":202,"column":3}},"54":{"start":{"line":187,"column":4},"end":{"line":201,"column":7}},"55":{"start":{"line":188,"column":6},"end":{"line":200,"column":14}},"56":{"start":{"line":189,"column":22},"end":{"line":189,"column":73}},"57":{"start":{"line":190,"column":27},"end":{"line":190,"column":46}},"58":{"start":{"line":192,"column":24},"end":{"line":197,"column":9}},"59":{"start":{"line":193,"column":10},"end":{"line":196,"column":71}},"60":{"start":{"line":199,"column":8},"end":{"line":199,"column":35}},"61":{"start":{"line":205,"column":26},"end":{"line":212,"column":3}}},"fnMap":{"0":{"name":"(anonymous_0)","decl":{"start":{"line":4,"column":19},"end":{"line":4,"column":20}},"loc":{"start":{"line":4,"column":25},"end":{"line":6,"column":3}},"line":4},"1":{"name":"(anonymous_1)","decl":{"start":{"line":88,"column":33},"end":{"line":88,"column":34}},"loc":{"start":{"line":88,"column":39},"end":{"line":92,"column":3}},"line":88},"2":{"name":"(anonymous_2)","decl":{"start":{"line":95,"column":22},"end":{"line":95,"column":23}},"loc":{"start":{"line":95,"column":28},"end":{"line":103,"column":3}},"line":95},"3":{"name":"(anonymous_3)","decl":{"start":{"line":97,"column":23},"end":{"line":97,"column":24}},"loc":{"start":{"line":97,"column":36},"end":{"line":102,"column":5}},"line":97},"4":{"name":"(anonymous_4)","decl":{"start":{"line":98,"column":17},"end":{"line":98,"column":18}},"loc":{"start":{"line":98,"column":23},"end":{"line":101,"column":7}},"line":98},"5":{"name":"(anonymous_5)","decl":{"start":{"line":106,"column":22},"end":{"line":106,"column":23}},"loc":{"start":{"line":106,"column":30},"end":{"line":119,"column":3}},"line":106},"6":{"name":"(anonymous_6)","decl":{"start":{"line":107,"column":23},"end":{"line":107,"column":24}},"loc":{"start":{"line":107,"column":44},"end":{"line":118,"column":5}},"line":107},"7":{"name":"(anonymous_7)","decl":{"start":{"line":108,"column":17},"end":{"line":108,"column":18}},"loc":{"start":{"line":108,"column":23},"end":{"line":117,"column":7}},"line":108},"8":{"name":"(anonymous_8)","decl":{"start":{"line":110,"column":32},"end":{"line":110,"column":33}},"loc":{"start":{"line":110,"column":40},"end":{"line":110,"column":54}},"line":110},"9":{"name":"(anonymous_9)","decl":{"start":{"line":122,"column":21},"end":{"line":122,"column":22}},"loc":{"start":{"line":122,"column":35},"end":{"line":138,"column":3}},"line":122},"10":{"name":"(anonymous_10)","decl":{"start":{"line":123,"column":23},"end":{"line":123,"column":24}},"loc":{"start":{"line":123,"column":36},"end":{"line":137,"column":5}},"line":123},"11":{"name":"(anonymous_11)","decl":{"start":{"line":124,"column":17},"end":{"line":124,"column":18}},"loc":{"start":{"line":124,"column":23},"end":{"line":136,"column":7}},"line":124},"12":{"name":"(anonymous_12)","decl":{"start":{"line":141,"column":21},"end":{"line":141,"column":22}},"loc":{"start":{"line":141,"column":39},"end":{"line":164,"column":3}},"line":141},"13":{"name":"(anonymous_13)","decl":{"start":{"line":142,"column":23},"end":{"line":142,"column":24}},"loc":{"start":{"line":142,"column":44},"end":{"line":163,"column":5}},"line":142},"14":{"name":"(anonymous_14)","decl":{"start":{"line":143,"column":17},"end":{"line":143,"column":18}},"loc":{"start":{"line":143,"column":23},"end":{"line":162,"column":7}},"line":143},"15":{"name":"(anonymous_15)","decl":{"start":{"line":145,"column":38},"end":{"line":145,"column":39}},"loc":{"start":{"line":145,"column":46},"end":{"line":145,"column":60}},"line":145},"16":{"name":"(anonymous_16)","decl":{"start":{"line":167,"column":21},"end":{"line":167,"column":22}},"loc":{"start":{"line":167,"column":29},"end":{"line":183,"column":3}},"line":167},"17":{"name":"(anonymous_17)","decl":{"start":{"line":168,"column":23},"end":{"line":168,"column":24}},"loc":{"start":{"line":168,"column":44},"end":{"line":182,"column":5}},"line":168},"18":{"name":"(anonymous_18)","decl":{"start":{"line":169,"column":17},"end":{"line":169,"column":18}},"loc":{"start":{"line":169,"column":23},"end":{"line":181,"column":7}},"line":169},"19":{"name":"(anonymous_19)","decl":{"start":{"line":171,"column":38},"end":{"line":171,"column":39}},"loc":{"start":{"line":171,"column":46},"end":{"line":171,"column":60}},"line":171},"20":{"name":"(anonymous_20)","decl":{"start":{"line":186,"column":22},"end":{"line":186,"column":23}},"loc":{"start":{"line":186,"column":33},"end":{"line":202,"column":3}},"line":186},"21":{"name":"(anonymous_21)","decl":{"start":{"line":187,"column":23},"end":{"line":187,"column":24}},"loc":{"start":{"line":187,"column":36},"end":{"line":201,"column":5}},"line":187},"22":{"name":"(anonymous_22)","decl":{"start":{"line":188,"column":17},"end":{"line":188,"column":18}},"loc":{"start":{"line":188,"column":23},"end":{"line":200,"column":7}},"line":188},"23":{"name":"(anonymous_23)","decl":{"start":{"line":192,"column":37},"end":{"line":192,"column":38}},"loc":{"start":{"line":193,"column":10},"end":{"line":196,"column":71}},"line":193}},"branchMap":{"0":{"loc":{"start":{"line":89,"column":4},"end":{"line":91,"column":5}},"type":"if","locations":[{"start":{"line":89,"column":4},"end":{"line":91,"column":5}},{"start":{},"end":{}}],"line":89},"1":{"loc":{"start":{"line":99,"column":22},"end":{"line":99,"column":73}},"type":"binary-expr","locations":[{"start":{"line":99,"column":22},"end":{"line":99,"column":67}},{"start":{"line":99,"column":71},"end":{"line":99,"column":73}}],"line":99},"2":{"loc":{"start":{"line":109,"column":22},"end":{"line":109,"column":73}},"type":"binary-expr","locations":[{"start":{"line":109,"column":22},"end":{"line":109,"column":67}},{"start":{"line":109,"column":71},"end":{"line":109,"column":73}}],"line":109},"3":{"loc":{"start":{"line":112,"column":8},"end":{"line":116,"column":9}},"type":"if","locations":[{"start":{"line":112,"column":8},"end":{"line":116,"column":9}},{"start":{"line":114,"column":15},"end":{"line":116,"column":9}}],"line":112},"4":{"loc":{"start":{"line":125,"column":22},"end":{"line":125,"column":73}},"type":"binary-expr","locations":[{"start":{"line":125,"column":22},"end":{"line":125,"column":67}},{"start":{"line":125,"column":71},"end":{"line":125,"column":73}}],"line":125},"5":{"loc":{"start":{"line":144,"column":22},"end":{"line":144,"column":73}},"type":"binary-expr","locations":[{"start":{"line":144,"column":22},"end":{"line":144,"column":67}},{"start":{"line":144,"column":71},"end":{"line":144,"column":73}}],"line":144},"6":{"loc":{"start":{"line":147,"column":8},"end":{"line":161,"column":9}},"type":"if","locations":[{"start":{"line":147,"column":8},"end":{"line":161,"column":9}},{"start":{"line":159,"column":15},"end":{"line":161,"column":9}}],"line":147},"7":{"loc":{"start":{"line":170,"column":22},"end":{"line":170,"column":73}},"type":"binary-expr","locations":[{"start":{"line":170,"column":22},"end":{"line":170,"column":67}},{"start":{"line":170,"column":71},"end":{"line":170,"column":73}}],"line":170},"8":{"loc":{"start":{"line":173,"column":8},"end":{"line":180,"column":9}},"type":"if","locations":[{"start":{"line":173,"column":8},"end":{"line":180,"column":9}},{"start":{"line":178,"column":15},"end":{"line":180,"column":9}}],"line":173},"9":{"loc":{"start":{"line":189,"column":22},"end":{"line":189,"column":73}},"type":"binary-expr","locations":[{"start":{"line":189,"column":22},"end":{"line":189,"column":67}},{"start":{"line":189,"column":71},"end":{"line":189,"column":73}}],"line":189},"10":{"loc":{"start":{"line":193,"column":10},"end":{"line":196,"column":71}},"type":"binary-expr","locations":[{"start":{"line":193,"column":10},"end":{"line":193,"column":55}},{"start":{"line":194,"column":10},"end":{"line":194,"column":56}},{"start":{"line":195,"column":11},"end":{"line":195,"column":20}},{"start":{"line":195,"column":24},"end":{"line":195,"column":49}},{"start":{"line":196,"column":11},"end":{"line":196,"column":21}},{"start":{"line":196,"column":25},"end":{"line":196,"column":70}}],"line":193}},"s":{"0":1,"1":1,"2":1,"3":1,"4":1,"5":16,"6":13,"7":1,"8":16,"9":16,"10":16,"11":16,"12":16,"13":1,"14":4,"15":4,"16":4,"17":4,"18":17,"19":4,"20":2,"21":2,"22":1,"23":1,"24":1,"25":1,"26":1,"27":1,"28":1,"29":1,"30":1,"31":2,"32":2,"33":2,"34":2,"35":9,"36":2,"37":1,"38":1,"39":1,"40":1,"41":1,"42":1,"43":2,"44":2,"45":2,"46":2,"47":10,"48":2,"49":1,"50":1,"51":1,"52":1,"53":1,"54":5,"55":5,"56":5,"57":5,"58":5,"59":30,"60":5,"61":1},"f":{"0":1,"1":16,"2":16,"3":16,"4":16,"5":4,"6":4,"7":4,"8":17,"9":1,"10":1,"11":1,"12":2,"13":2,"14":2,"15":9,"16":2,"17":2,"18":2,"19":10,"20":5,"21":5,"22":5,"23":30},"b":{"0":[13,3],"1":[16,0],"2":[4,0],"3":[2,2],"4":[1,0],"5":[2,0],"6":[1,1],"7":[2,0],"8":[1,1],"9":[5,0],"10":[30,30,30,30,29,29]},"_coverageSchema":"1a1c01bbd47fc00a2c39e90264f33305004495a9","hash":"426df4be52626529992f3e386d6f3820267ec45d"}
,"/root/library/library-app/src/NotFound.js": {"path":"/root/library/library-app/src/NotFound.js","statementMap":{"0":{"start":{"line":4,"column":17},"end":{"line":13,"column":1}},"1":{"start":{"line":5,"column":2},"end":{"line":12,"column":4}}},"fnMap":{"0":{"name":"(anonymous_0)","decl":{"start":{"line":4,"column":17},"end":{"line":4,"column":18}},"loc":{"start":{"line":4,"column":23},"end":{"line":13,"column":1}},"line":4}},"branchMap":{},"s":{"0":1,"1":2},"f":{"0":2},"b":{},"_coverageSchema":"1a1c01bbd47fc00a2c39e90264f33305004495a9","hash":"d73240caf780d6b1e9a75e96aac6d99cc8599d0c"}
,"/root/library/library-app/src/SearchBooks.js": {"path":"/root/library/library-app/src/SearchBooks.js","statementMap":{"0":{"start":{"line":7,"column":24},"end":{"line":43,"column":1}},"1":{"start":{"line":8,"column":2},"end":{"line":8,"column":36}},"2":{"start":{"line":8,"column":24},"end":{"line":8,"column":36}},"3":{"start":{"line":10,"column":23},"end":{"line":21,"column":3}},"4":{"start":{"line":11,"column":4},"end":{"line":20,"column":9}},"5":{"start":{"line":13,"column":8},"end":{"line":13,"column":51}},"6":{"start":{"line":14,"column":8},"end":{"line":14,"column":20}},"7":{"start":{"line":15,"column":8},"end":{"line":15,"column":18}},"8":{"start":{"line":18,"column":8},"end":{"line":18,"column":53}},"9":{"start":{"line":19,"column":8},"end":{"line":19,"column":78}},"10":{"start":{"line":23,"column":2},"end":{"line":42,"column":4}},"11":{"start":{"line":45,"column":20},"end":{"line":143,"column":1}},"12":{"start":{"line":46,"column":28},"end":{"line":46,"column":40}},"13":{"start":{"line":47,"column":44},"end":{"line":47,"column":56}},"14":{"start":{"line":48,"column":32},"end":{"line":48,"column":47}},"15":{"start":{"line":49,"column":34},"end":{"line":49,"column":49}},"16":{"start":{"line":50,"column":48},"end":{"line":50,"column":63}},"17":{"start":{"line":51,"column":42},"end":{"line":51,"column":56}},"18":{"start":{"line":53,"column":23},"end":{"line":75,"column":3}},"19":{"start":{"line":54,"column":4},"end":{"line":54,"column":23}},"20":{"start":{"line":56,"column":4},"end":{"line":59,"column":5}},"21":{"start":{"line":57,"column":6},"end":{"line":57,"column":48}},"22":{"start":{"line":58,"column":6},"end":{"line":58,"column":13}},"23":{"start":{"line":61,"column":4},"end":{"line":61,"column":21}},"24":{"start":{"line":62,"column":4},"end":{"line":62,"column":22}},"25":{"start":{"line":64,"column":4},"end":{"line":74,"column":9}},"26":{"start":{"line":66,"column":8},"end":{"line":66,"column":40}},"27":{"start":{"line":67,"column":8},"end":{"line":67,"column":26}},"28":{"start":{"line":70,"column":8},"end":{"line":70,"column":55}},"29":{"start":{"line":71,"column":8},"end":{"line":71,"column":45}},"30":{"start":{"line":72,"column":8},"end":{"line":72,"column":26}},"31":{"start":{"line":73,"column":8},"end":{"line":73,"column":29}},"32":{"start":{"line":77,"column":28},"end":{"line":80,"column":3}},"33":{"start":{"line":78,"column":4},"end":{"line":78,"column":26}},"34":{"start":{"line":79,"column":4},"end":{"line":79,"column":29}},"35":{"start":{"line":82,"column":2},"end":{"line":142,"column":4}},"36":{"start":{"line":93,"column":29},"end":{"line":93,"column":53}},"37":{"start":{"line":111,"column":16},"end":{"line":125,"column":22}},"38":{"start":{"line":122,"column":45},"end":{"line":122,"column":68}},"39":{"start":{"line":136,"column":23},"end":{"line":136,"column":48}},"40":{"start":{"line":138,"column":10},"end":{"line":138,"column":87}},"41":{"start":{"line":138,"column":56},"end":{"line":138,"column":84}}},"fnMap":{"0":{"name":"(anonymous_0)","decl":{"start":{"line":7,"column":24},"end":{"line":7,"column":25}},"loc":{"start":{"line":7,"column":66},"end":{"line":43,"column":1}},"line":7},"1":{"name":"(anonymous_1)","decl":{"start":{"line":10,"column":23},"end":{"line":10,"column":24}},"loc":{"start":{"line":10,"column":29},"end":{"line":21,"column":3}},"line":10},"2":{"name":"(anonymous_2)","decl":{"start":{"line":12,"column":12},"end":{"line":12,"column":13}},"loc":{"start":{"line":12,"column":18},"end":{"line":16,"column":7}},"line":12},"3":{"name":"(anonymous_3)","decl":{"start":{"line":17,"column":13},"end":{"line":17,"column":14}},"loc":{"start":{"line":17,"column":22},"end":{"line":20,"column":7}},"line":17},"4":{"name":"(anonymous_4)","decl":{"start":{"line":45,"column":20},"end":{"line":45,"column":21}},"loc":{"start":{"line":45,"column":26},"end":{"line":143,"column":1}},"line":45},"5":{"name":"(anonymous_5)","decl":{"start":{"line":53,"column":23},"end":{"line":53,"column":24}},"loc":{"start":{"line":53,"column":30},"end":{"line":75,"column":3}},"line":53},"6":{"name":"(anonymous_6)","decl":{"start":{"line":65,"column":12},"end":{"line":65,"column":13}},"loc":{"start":{"line":65,"column":24},"end":{"line":68,"column":7}},"line":65},"7":{"name":"(anonymous_7)","decl":{"start":{"line":69,"column":13},"end":{"line":69,"column":14}},"loc":{"start":{"line":69,"column":22},"end":{"line":74,"column":7}},"line":69},"8":{"name":"(anonymous_8)","decl":{"start":{"line":77,"column":28},"end":{"line":77,"column":29}},"loc":{"start":{"line":77,"column":38},"end":{"line":80,"column":3}},"line":77},"9":{"name":"(anonymous_9)","decl":{"start":{"line":93,"column":22},"end":{"line":93,"column":23}},"loc":{"start":{"line":93,"column":29},"end":{"line":93,"column":53}},"line":93},"10":{"name":"(anonymous_10)","decl":{"start":{"line":110,"column":33},"end":{"line":110,"column":34}},"loc":{"start":{"line":111,"column":16},"end":{"line":125,"column":22}},"line":111},"11":{"name":"(anonymous_11)","decl":{"start":{"line":122,"column":39},"end":{"line":122,"column":40}},"loc":{"start":{"line":122,"column":45},"end":{"line":122,"column":68}},"line":122},"12":{"name":"(anonymous_12)","decl":{"start":{"line":136,"column":17},"end":{"line":136,"column":18}},"loc":{"start":{"line":136,"column":23},"end":{"line":136,"column":48}},"line":136},"13":{"name":"(anonymous_13)","decl":{"start":{"line":137,"column":19},"end":{"line":137,"column":20}},"loc":{"start":{"line":137,"column":25},"end":{"line":139,"column":9}},"line":137},"14":{"name":"(anonymous_14)","decl":{"start":{"line":138,"column":48},"end":{"line":138,"column":49}},"loc":{"start":{"line":138,"column":56},"end":{"line":138,"column":84}},"line":138}},"branchMap":{"0":{"loc":{"start":{"line":8,"column":2},"end":{"line":8,"column":36}},"type":"if","locations":[{"start":{"line":8,"column":2},"end":{"line":8,"column":36}},{"start":{},"end":{}}],"line":8},"1":{"loc":{"start":{"line":8,"column":6},"end":{"line":8,"column":22}},"type":"binary-expr","locations":[{"start":{"line":8,"column":6},"end":{"line":8,"column":13}},{"start":{"line":8,"column":17},"end":{"line":8,"column":22}}],"line":8},"2":{"loc":{"start":{"line":19,"column":20},"end":{"line":19,"column":76}},"type":"binary-expr","locations":[{"start":{"line":19,"column":20},"end":{"line":19,"column":49}},{"start":{"line":19,"column":53},"end":{"line":19,"column":76}}],"line":19},"3":{"loc":{"start":{"line":56,"column":4},"end":{"line":59,"column":5}},"type":"if","locations":[{"start":{"line":56,"column":4},"end":{"line":59,"column":5}},{"start":{},"end":{}}],"line":56},"4":{"loc":{"start":{"line":97,"column":11},"end":{"line":97,"column":46}},"type":"cond-expr","locations":[{"start":{"line":97,"column":21},"end":{"line":97,"column":35}},{"start":{"line":97,"column":38},"end":{"line":97,"column":46}}],"line":97},"5":{"loc":{"start":{"line":101,"column":7},"end":{"line":101,"column":67}},"type":"binary-expr","locations":[{"start":{"line":101,"column":7},"end":{"line":101,"column":14}},{"start":{"line":101,"column":18},"end":{"line":101,"column":67}}],"line":101},"6":{"loc":{"start":{"line":103,"column":7},"end":{"line":130,"column":7}},"type":"binary-expr","locations":[{"start":{"line":103,"column":7},"end":{"line":103,"column":15}},{"start":{"line":103,"column":19},"end":{"line":103,"column":27}},{"start":{"line":104,"column":8},"end":{"line":129,"column":14}}],"line":103},"7":{"loc":{"start":{"line":106,"column":11},"end":{"line":128,"column":11}},"type":"cond-expr","locations":[{"start":{"line":107,"column":12},"end":{"line":107,"column":64}},{"start":{"line":109,"column":12},"end":{"line":127,"column":18}}],"line":106},"8":{"loc":{"start":{"line":116,"column":50},"end":{"line":116,"column":79}},"type":"binary-expr","locations":[{"start":{"line":116,"column":50},"end":{"line":116,"column":60}},{"start":{"line":116,"column":64},"end":{"line":116,"column":79}}],"line":116},"9":{"loc":{"start":{"line":117,"column":49},"end":{"line":117,"column":77}},"type":"binary-expr","locations":[{"start":{"line":117,"column":49},"end":{"line":117,"column":58}},{"start":{"line":117,"column":62},"end":{"line":117,"column":77}}],"line":117}},"s":{"0":2,"1":62,"2":60,"3":2,"4":0,"5":0,"6":0,"7":0,"8":0,"9":0,"10":2,"11":2,"12":63,"13":62,"14":62,"15":62,"16":62,"17":62,"18":62,"19":7,"20":7,"21":1,"22":1,"23":6,"24":6,"25":6,"26":5,"27":5,"28":1,"29":1,"30":1,"31":1,"32":62,"33":2,"34":2,"35":62,"36":40,"37":12,"38":2,"39":0,"40":0,"41":0},"f":{"0":62,"1":0,"2":0,"3":0,"4":63,"5":7,"6":5,"7":1,"8":2,"9":40,"10":12,"11":2,"12":0,"13":0,"14":0},"b":{"0":[60,2],"1":[62,2],"2":[0,0],"3":[1,6],"4":[6,56],"5":[62,6],"6":[62,14,8],"7":[2,6],"8":[12,0],"9":[12,0]},"_coverageSchema":"1a1c01bbd47fc00a2c39e90264f33305004495a9","hash":"a65f884760802d2ebee5e1694bbdf98a867502a3"}
,"/root/library/library-app/src/StatusIndicator.js": {"path":"/root/library/library-app/src/StatusIndicator.js","statementMap":{"0":{"start":{"line":3,"column":24},"end":{"line":51,"column":1}},"1":{"start":{"line":4,"column":34},"end":{"line":4,"column":48}},"2":{"start":{"line":5,"column":40},"end":{"line":5,"column":55}},"3":{"start":{"line":7,"column":2},"end":{"line":39,"column":9}},"4":{"start":{"line":10,"column":4},"end":{"line":15,"column":5}},"5":{"start":{"line":11,"column":8},"end":{"line":11,"column":38}},"6":{"start":{"line":13,"column":8},"end":{"line":13,"column":58}},"7":{"start":{"line":19,"column":25},"end":{"line":24,"column":5}},"8":{"start":{"line":20,"column":6},"end":{"line":20,"column":24}},"9":{"start":{"line":21,"column":6},"end":{"line":21,"column":27}},"10":{"start":{"line":23,"column":6},"end":{"line":23,"column":52}},"11":{"start":{"line":23,"column":23},"end":{"line":23,"column":44}},"12":{"start":{"line":26,"column":26},"end":{"line":29,"column":5}},"13":{"start":{"line":27,"column":6},"end":{"line":27,"column":25}},"14":{"start":{"line":28,"column":6},"end":{"line":28,"column":27}},"15":{"start":{"line":31,"column":4},"end":{"line":31,"column":52}},"16":{"start":{"line":32,"column":4},"end":{"line":32,"column":54}},"17":{"start":{"line":35,"column":4},"end":{"line":38,"column":6}},"18":{"start":{"line":36,"column":6},"end":{"line":36,"column":57}},"19":{"start":{"line":37,"column":6},"end":{"line":37,"column":59}},"20":{"start":{"line":41,"column":2},"end":{"line":41,"column":32}},"21":{"start":{"line":41,"column":20},"end":{"line":41,"column":32}},"22":{"start":{"line":43,"column":2},"end":{"line":50,"column":4}}},"fnMap":{"0":{"name":"(anonymous_0)","decl":{"start":{"line":3,"column":24},"end":{"line":3,"column":25}},"loc":{"start":{"line":3,"column":30},"end":{"line":51,"column":1}},"line":3},"1":{"name":"(anonymous_1)","decl":{"start":{"line":7,"column":12},"end":{"line":7,"column":13}},"loc":{"start":{"line":7,"column":18},"end":{"line":39,"column":3}},"line":7},"2":{"name":"(anonymous_2)","decl":{"start":{"line":19,"column":25},"end":{"line":19,"column":26}},"loc":{"start":{"line":19,"column":31},"end":{"line":24,"column":5}},"line":19},"3":{"name":"(anonymous_3)","decl":{"start":{"line":23,"column":17},"end":{"line":23,"column":18}},"loc":{"start":{"line":23,"column":23},"end":{"line":23,"column":44}},"line":23},"4":{"name":"(anonymous_4)","decl":{"start":{"line":26,"column":26},"end":{"line":26,"column":27}},"loc":{"start":{"line":26,"column":32},"end":{"line":29,"column":5}},"line":26},"5":{"name":"(anonymous_5)","decl":{"start":{"line":35,"column":11},"end":{"line":35,"column":12}},"loc":{"start":{"line":35,"column":17},"end":{"line":38,"column":5}},"line":35}},"branchMap":{"0":{"loc":{"start":{"line":41,"column":2},"end":{"line":41,"column":32}},"type":"if","locations":[{"start":{"line":41,"column":2},"end":{"line":41,"column":32}},{"start":{},"end":{}}],"line":41},"1":{"loc":{"start":{"line":45,"column":53},"end":{"line":45,"column":84}},"type":"cond-expr","locations":[{"start":{"line":45,"column":64},"end":{"line":45,"column":72}},{"start":{"line":45,"column":75},"end":{"line":45,"column":84}}],"line":45},"2":{"loc":{"start":{"line":46,"column":7},"end":{"line":48,"column":61}},"type":"cond-expr","locations":[{"start":{"line":47,"column":10},"end":{"line":47,"column":70}},{"start":{"line":48,"column":10},"end":{"line":48,"column":61}}],"line":46}},"s":{"0":1,"1":9,"2":9,"3":9,"4":4,"5":4,"6":0,"7":4,"8":1,"9":1,"10":1,"11":1,"12":4,"13":2,"14":2,"15":4,"16":4,"17":4,"18":4,"19":4,"20":9,"21":6,"22":3},"f":{"0":9,"1":4,"2":1,"3":1,"4":2,"5":4},"b":{"0":[6,3],"1":[1,2],"2":[1,2]},"_coverageSchema":"1a1c01bbd47fc00a2c39e90264f33305004495a9","hash":"1bf2082ef641353ae788292f2902c5096bae8020"}
,"/root/library/library-app/src/index.js": {"path":"/root/library/library-app/src/index.js","statementMap":{"0":{"start":{"line":7,"column":13},"end":{"line":7,"column":65}},"1":{"start":{"line":8,"column":0},"end":{"line":14,"column":2}}},"fnMap":{},"branchMap":{},"s":{"0":0,"1":0},"f":{},"b":{}}
}
