TN:
SF:src/AddBook.js
FN:7,(anonymous_0)
FN:21,(anonymous_1)
FN:26,(anonymous_2)
FN:49,(anonymous_3)
FN:66,(anonymous_4)
FN:70,(anonymous_5)
FN:74,(anonymous_6)
FN:91,(anonymous_7)
FNF:8
FNH:1
FNDA:1,(anonymous_0)
FNDA:0,(anonymous_1)
FNDA:0,(anonymous_2)
FNDA:0,(anonymous_3)
FNDA:0,(anonymous_4)
FNDA:0,(anonymous_5)
FNDA:0,(anonymous_6)
FNDA:0,(anonymous_7)
DA:7,2
DA:8,1
DA:9,1
DA:10,1
DA:21,1
DA:22,0
DA:23,0
DA:26,1
DA:27,0
DA:28,0
DA:29,0
DA:31,0
DA:32,0
DA:33,0
DA:36,0
DA:37,0
DA:38,0
DA:41,0
DA:42,0
DA:43,0
DA:46,0
DA:49,1
DA:50,0
DA:52,0
DA:53,0
DA:56,0
DA:59,0
DA:65,0
DA:67,0
DA:68,0
DA:71,0
DA:72,0
DA:75,0
DA:79,1
DA:91,0
LF:35
LH:8
BRDA:27,0,0,0
BRDA:27,0,1,0
BRDA:31,1,0,0
BRDA:31,1,1,0
BRDA:36,2,0,0
BRDA:36,2,1,0
BRDA:36,3,0,0
BRDA:36,3,1,0
BRDA:36,3,2,0
BRDA:41,4,0,0
BRDA:41,4,1,0
BRDA:52,5,0,0
BRDA:52,5,1,0
BRDA:72,6,0,0
BRDA:72,6,1,0
BRF:15
BRH:0
end_of_record
TN:
SF:src/App.js
FN:17,(anonymous_0)
FNF:1
FNH:1
FNDA:1,(anonymous_0)
DA:17,1
DA:18,1
LF:2
LH:2
BRF:0
BRH:0
end_of_record
TN:
SF:src/BookCard.js
FN:4,(anonymous_0)
FN:27,(anonymous_1)
FNF:2
FNH:1
FNDA:1,(anonymous_0)
FNDA:0,(anonymous_1)
DA:4,1
DA:5,1
DA:27,0
LF:3
LH:2
BRDA:14,0,0,1
BRDA:14,0,1,0
BRDA:15,1,0,0
BRDA:15,1,1,1
BRDA:19,2,0,1
BRDA:19,2,1,0
BRDA:21,3,0,1
BRDA:21,3,1,0
BRDA:21,4,0,1
BRDA:21,4,1,0
BRF:10
BRH:5
end_of_record
TN:
SF:src/BookDetails.js
FN:7,(anonymous_0)
FN:10,(anonymous_1)
FN:12,(anonymous_2)
FN:17,(anonymous_3)
FN:28,(anonymous_4)
FN:48,(anonymous_5)
FN:58,(anonymous_6)
FN:62,(anonymous_7)
FN:73,(anonymous_8)
FN:82,(anonymous_9)
FN:87,(anonymous_10)
FN:148,(anonymous_11)
FN:149,(anonymous_12)
FNF:13
FNH:7
FNDA:5,(anonymous_0)
FNDA:0,(anonymous_1)
FNDA:0,(anonymous_2)
FNDA:0,(anonymous_3)
FNDA:0,(anonymous_4)
FNDA:10,(anonymous_5)
FNDA:4,(anonymous_6)
FNDA:3,(anonymous_7)
FNDA:1,(anonymous_8)
FNDA:4,(anonymous_9)
FNDA:2,(anonymous_10)
FNDA:0,(anonymous_11)
FNDA:0,(anonymous_12)
DA:7,2
DA:8,5
DA:10,2
DA:11,0
DA:13,0
DA:14,0
DA:15,0
DA:18,0
DA:19,0
DA:25,2
DA:28,0
DA:48,2
DA:49,10
DA:50,10
DA:51,10
DA:52,10
DA:53,10
DA:54,10
DA:58,10
DA:59,4
DA:60,4
DA:61,4
DA:64,3
DA:65,3
DA:68,0
DA:69,0
DA:71,3
DA:74,1
DA:75,1
DA:76,1
DA:77,1
DA:78,1
DA:82,10
DA:83,4
DA:87,10
DA:88,2
DA:91,10
DA:92,4
DA:95,6
DA:96,1
DA:107,5
DA:109,0
DA:113,5
DA:148,0
DA:149,0
LF:45
LH:33
BRDA:8,0,0,3
BRDA:8,0,1,2
BRDA:8,1,0,5
BRDA:8,1,1,2
BRDA:19,2,0,0
BRDA:19,2,1,0
BRDA:64,3,0,3
BRDA:64,3,1,0
BRDA:91,4,0,4
BRDA:91,4,1,6
BRDA:95,5,0,1
BRDA:95,5,1,5
BRDA:107,6,0,0
BRDA:107,6,1,5
BRDA:123,7,0,5
BRDA:123,7,1,0
BRDA:128,8,0,5
BRDA:128,8,1,0
BRDA:129,9,0,5
BRDA:129,9,1,0
BRDA:132,10,0,5
BRDA:132,10,1,0
BRDA:133,11,0,5
BRDA:133,11,1,0
BRDA:133,12,0,5
BRDA:133,12,1,0
BRF:26
BRH:16
end_of_record
TN:
SF:src/BookForm.js
FN:3,(anonymous_0)
FNF:1
FNH:1
FNDA:3,(anonymous_0)
DA:3,4
DA:4,3
LF:2
LH:2
BRDA:13,0,0,3
BRDA:13,0,1,2
BRDA:26,1,0,3
BRDA:26,1,1,2
BRDA:38,2,0,3
BRDA:38,2,1,2
BRDA:52,3,0,3
BRDA:52,3,1,2
BRDA:64,4,0,3
BRDA:64,4,1,2
BRDA:78,5,0,3
BRDA:78,5,1,2
BRDA:91,6,0,3
BRDA:91,6,1,0
BRDA:104,7,0,3
BRDA:104,7,1,0
BRDA:117,8,0,0
BRDA:117,8,1,3
BRF:18
BRH:15
end_of_record
TN:
SF:src/BookList.js
FN:7,(anonymous_0)
FN:10,(anonymous_1)
FN:12,(anonymous_2)
FN:17,(anonymous_3)
FN:45,(anonymous_4)
FN:52,(anonymous_5)
FN:56,(anonymous_6)
FN:59,(anonymous_7)
FN:63,(anonymous_8)
FN:71,(anonymous_9)
FN:93,(anonymous_10)
FN:110,(anonymous_11)
FN:122,(anonymous_12)
FN:123,(anonymous_13)
FN:124,(anonymous_14)
FNF:15
FNH:7
FNDA:2,(anonymous_0)
FNDA:0,(anonymous_1)
FNDA:0,(anonymous_2)
FNDA:0,(anonymous_3)
FNDA:6,(anonymous_4)
FNDA:3,(anonymous_5)
FNDA:3,(anonymous_6)
FNDA:2,(anonymous_7)
FNDA:1,(anonymous_8)
FNDA:0,(anonymous_9)
FNDA:2,(anonymous_10)
FNDA:0,(anonymous_11)
FNDA:0,(anonymous_12)
FNDA:0,(anonymous_13)
FNDA:0,(anonymous_14)
DA:7,1
DA:8,2
DA:10,0
DA:11,0
DA:13,0
DA:14,0
DA:15,0
DA:18,0
DA:19,0
DA:23,0
DA:45,1
DA:46,6
DA:47,6
DA:48,6
DA:49,6
DA:50,6
DA:52,6
DA:53,3
DA:56,6
DA:57,3
DA:58,3
DA:60,2
DA:61,2
DA:64,1
DA:65,1
DA:66,1
DA:67,1
DA:71,6
DA:72,0
DA:73,0
DA:76,6
DA:77,3
DA:80,3
DA:81,1
DA:84,2
DA:94,2
DA:110,0
DA:122,0
DA:124,0
LF:39
LH:26
BRDA:8,0,0,2
BRDA:8,0,1,0
BRDA:8,1,0,2
BRDA:8,1,1,0
BRDA:19,2,0,0
BRDA:19,2,1,0
BRDA:76,3,0,3
BRDA:76,3,1,3
BRDA:80,4,0,1
BRDA:80,4,1,2
BRDA:90,5,0,1
BRDA:90,5,1,1
BRDA:99,6,0,2
BRDA:99,6,1,0
BRDA:100,7,0,0
BRDA:100,7,1,2
BRDA:104,8,0,2
BRDA:104,8,1,0
BRDA:105,9,0,2
BRDA:105,9,1,1
BRDA:105,10,0,2
BRDA:105,10,1,0
BRF:22
BRH:14
end_of_record
TN:
SF:src/BookService.js
FN:10,(anonymous_0)
FN:11,(anonymous_1)
FN:12,(anonymous_2)
FN:13,(anonymous_3)
FN:14,(anonymous_4)
FN:15,(anonymous_5)
FNF:6
FNH:0
FNDA:0,(anonymous_0)
FNDA:0,(anonymous_1)
FNDA:0,(anonymous_2)
FNDA:0,(anonymous_3)
FNDA:0,(anonymous_4)
FNDA:0,(anonymous_5)
DA:7,5
DA:10,5
DA:11,5
DA:12,5
DA:13,5
DA:14,5
DA:15,5
DA:18,5
LF:8
LH:8
BRF:0
BRH:0
end_of_record
TN:
SF:src/DeleteBookModal.js
FN:5,(anonymous_0)
FN:8,(anonymous_1)
FN:10,(anonymous_2)
FN:15,(anonymous_3)
FN:23,(anonymous_4)
FNF:5
FNH:2
FNDA:3,(anonymous_0)
FNDA:0,(anonymous_1)
FNDA:0,(anonymous_2)
FNDA:0,(anonymous_3)
FNDA:1,(anonymous_4)
DA:5,1
DA:6,3
DA:8,2
DA:9,0
DA:11,0
DA:12,0
DA:13,0
DA:16,0
DA:17,0
DA:21,2
DA:23,1
LF:11
LH:5
BRDA:6,0,0,1
BRDA:6,0,1,2
BRDA:6,1,0,3
BRDA:6,1,1,2
BRDA:17,2,0,0
BRDA:17,2,1,0
BRF:6
BRH:4
end_of_record
TN:
SF:src/EditBook.js
FN:9,(anonymous_0)
FN:27,(anonymous_1)
FN:31,(anonymous_2)
FN:58,(anonymous_3)
FN:66,(anonymous_4)
FN:71,(anonymous_5)
FN:73,(anonymous_6)
FN:76,(anonymous_7)
FN:110,(anonymous_8)
FN:127,(anonymous_9)
FN:131,(anonymous_10)
FN:135,(anonymous_11)
FN:162,(anonymous_12)
FNF:13
FNH:4
FNDA:2,(anonymous_0)
FNDA:1,(anonymous_1)
FNDA:1,(anonymous_2)
FNDA:0,(anonymous_3)
FNDA:1,(anonymous_4)
FNDA:0,(anonymous_5)
FNDA:0,(anonymous_6)
FNDA:0,(anonymous_7)
FNDA:0,(anonymous_8)
FNDA:0,(anonymous_9)
FNDA:0,(anonymous_10)
FNDA:0,(anonymous_11)
FNDA:0,(anonymous_12)
DA:9,2
DA:10,2
DA:11,2
DA:12,2
DA:13,2
DA:14,2
DA:15,2
DA:27,2
DA:28,1
DA:29,1
DA:30,1
DA:32,1
DA:34,1
DA:35,1
DA:36,1
DA:38,1
DA:39,1
DA:41,0
DA:44,0
DA:45,0
DA:48,0
DA:51,1
DA:56,1
DA:59,0
DA:60,0
DA:61,0
DA:62,0
DA:66,2
DA:67,1
DA:71,2
DA:72,0
DA:73,0
DA:76,2
DA:77,0
DA:78,0
DA:79,0
DA:81,0
DA:82,0
DA:83,0
DA:86,0
DA:87,0
DA:88,0
DA:91,0
DA:92,0
DA:94,0
DA:95,0
DA:96,0
DA:98,0
DA:99,0
DA:100,0
DA:102,0
DA:103,0
DA:104,0
DA:107,0
DA:110,2
DA:111,0
DA:113,0
DA:114,0
DA:117,0
DA:120,0
DA:126,0
DA:128,0
DA:129,0
DA:132,0
DA:133,0
DA:136,0
DA:140,2
DA:141,1
DA:144,1
DA:146,0
DA:149,1
DA:162,0
LF:72
LH:28
BRDA:34,0,0,1
BRDA:34,0,1,0
BRDA:38,1,0,1
BRDA:38,1,1,0
BRDA:53,2,0,1
BRDA:53,2,1,0
BRDA:54,3,0,1
BRDA:54,3,1,0
BRDA:77,4,0,0
BRDA:77,4,1,0
BRDA:81,5,0,0
BRDA:81,5,1,0
BRDA:86,6,0,0
BRDA:86,6,1,0
BRDA:86,7,0,0
BRDA:86,7,1,0
BRDA:86,7,2,0
BRDA:94,8,0,0
BRDA:94,8,1,0
BRDA:94,9,0,0
BRDA:94,9,1,0
BRDA:94,9,2,0
BRDA:98,10,0,0
BRDA:98,10,1,0
BRDA:102,11,0,0
BRDA:102,11,1,0
BRDA:113,12,0,0
BRDA:113,12,1,0
BRDA:133,13,0,0
BRDA:133,13,1,0
BRDA:140,14,0,1
BRDA:140,14,1,1
BRDA:144,15,0,0
BRDA:144,15,1,1
BRF:34
BRH:7
end_of_record
TN:
SF:src/Error.js
FN:4,(anonymous_0)
FNF:1
FNH:1
FNDA:3,(anonymous_0)
DA:4,3
DA:5,3
LF:2
LH:2
BRDA:4,0,0,2
BRDA:4,1,0,2
BRF:2
BRH:2
end_of_record
TN:
SF:src/Footer.js
FN:3,(anonymous_0)
FNF:1
FNH:1
FNDA:1,(anonymous_0)
DA:3,1
DA:4,1
LF:2
LH:2
BRF:0
BRH:0
end_of_record
TN:
SF:src/Header.js
FN:5,(anonymous_0)
FN:8,(anonymous_1)
FN:30,(anonymous_2)
FN:31,(anonymous_3)
FN:37,(anonymous_4)
FN:38,(anonymous_5)
FN:44,(anonymous_6)
FN:45,(anonymous_7)
FN:51,(anonymous_8)
FN:52,(anonymous_9)
FNF:10
FNH:5
FNDA:4,(anonymous_0)
FNDA:0,(anonymous_1)
FNDA:4,(anonymous_2)
FNDA:0,(anonymous_3)
FNDA:4,(anonymous_4)
FNDA:0,(anonymous_5)
FNDA:4,(anonymous_6)
FNDA:0,(anonymous_7)
FNDA:4,(anonymous_8)
FNDA:0,(anonymous_9)
DA:5,1
DA:6,4
DA:8,4
DA:9,0
DA:12,4
DA:30,4
DA:31,0
DA:37,4
DA:38,0
DA:44,4
DA:45,0
DA:51,4
DA:52,0
LF:13
LH:8
BRDA:22,0,0,0
BRDA:22,0,1,4
BRDA:23,1,0,0
BRDA:23,1,1,4
BRDA:24,2,0,0
BRDA:24,2,1,4
BRDA:27,3,0,0
BRDA:27,3,1,4
BRDA:30,4,0,3
BRDA:30,4,1,1
BRDA:37,5,0,1
BRDA:37,5,1,3
BRDA:44,6,0,1
BRDA:44,6,1,3
BRDA:51,7,0,0
BRDA:51,7,1,4
BRF:16
BRH:11
end_of_record
TN:
SF:src/Loading.js
FN:3,(anonymous_0)
FNF:1
FNH:1
FNDA:1,(anonymous_0)
DA:3,2
DA:4,1
LF:2
LH:2
BRDA:3,0,0,0
BRF:1
BRH:0
end_of_record
TN:
SF:src/MockDataService.js
FN:4,(anonymous_0)
FN:88,(anonymous_1)
FN:95,(anonymous_2)
FN:97,(anonymous_3)
FN:98,(anonymous_4)
FN:106,(anonymous_5)
FN:107,(anonymous_6)
FN:108,(anonymous_7)
FN:110,(anonymous_8)
FN:122,(anonymous_9)
FN:123,(anonymous_10)
FN:124,(anonymous_11)
FN:141,(anonymous_12)
FN:142,(anonymous_13)
FN:143,(anonymous_14)
FN:145,(anonymous_15)
FN:167,(anonymous_16)
FN:168,(anonymous_17)
FN:169,(anonymous_18)
FN:171,(anonymous_19)
FN:186,(anonymous_20)
FN:187,(anonymous_21)
FN:188,(anonymous_22)
FN:192,(anonymous_23)
FNF:24
FNH:11
FNDA:1,(anonymous_0)
FNDA:2,(anonymous_1)
FNDA:2,(anonymous_2)
FNDA:2,(anonymous_3)
FNDA:2,(anonymous_4)
FNDA:2,(anonymous_5)
FNDA:2,(anonymous_6)
FNDA:2,(anonymous_7)
FNDA:0,(anonymous_8)
FNDA:1,(anonymous_9)
FNDA:1,(anonymous_10)
FNDA:1,(anonymous_11)
FNDA:0,(anonymous_12)
FNDA:0,(anonymous_13)
FNDA:0,(anonymous_14)
FNDA:0,(anonymous_15)
FNDA:0,(anonymous_16)
FNDA:0,(anonymous_17)
FNDA:0,(anonymous_18)
FNDA:0,(anonymous_19)
FNDA:0,(anonymous_20)
FNDA:0,(anonymous_21)
FNDA:0,(anonymous_22)
FNDA:0,(anonymous_23)
DA:4,1
DA:5,1
DA:9,1
DA:12,1
DA:88,1
DA:89,2
DA:90,1
DA:95,1
DA:96,2
DA:97,2
DA:98,2
DA:99,2
DA:100,2
DA:106,1
DA:107,2
DA:108,2
DA:109,2
DA:110,2
DA:112,2
DA:113,0
DA:115,2
DA:122,1
DA:123,1
DA:124,1
DA:125,1
DA:126,1
DA:132,1
DA:133,1
DA:135,1
DA:141,1
DA:142,0
DA:143,0
DA:144,0
DA:145,0
DA:147,0
DA:148,0
DA:155,0
DA:156,0
DA:158,0
DA:160,0
DA:167,1
DA:168,0
DA:169,0
DA:170,0
DA:171,0
DA:173,0
DA:174,0
DA:175,0
DA:177,0
DA:179,0
DA:186,1
DA:187,0
DA:188,0
DA:189,0
DA:190,0
DA:192,0
DA:193,0
DA:199,0
DA:205,1
LF:59
LH:32
BRDA:89,0,0,1
BRDA:89,0,1,1
BRDA:99,1,0,2
BRDA:99,1,1,0
BRDA:109,2,0,2
BRDA:109,2,1,2
BRDA:112,3,0,0
BRDA:112,3,1,2
BRDA:125,4,0,1
BRDA:125,4,1,1
BRDA:144,5,0,0
BRDA:144,5,1,0
BRDA:147,6,0,0
BRDA:147,6,1,0
BRDA:170,7,0,0
BRDA:170,7,1,0
BRDA:173,8,0,0
BRDA:173,8,1,0
BRDA:189,9,0,0
BRDA:189,9,1,0
BRDA:193,10,0,0
BRDA:193,10,1,0
BRDA:193,10,2,0
BRDA:193,10,3,0
BRDA:193,10,4,0
BRDA:193,10,5,0
BRF:26
BRH:8
end_of_record
TN:
SF:src/NotFound.js
FN:4,(anonymous_0)
FNF:1
FNH:1
FNDA:1,(anonymous_0)
DA:4,2
DA:5,1
LF:2
LH:2
BRF:0
BRH:0
end_of_record
TN:
SF:src/SearchBooks.js
FN:7,(anonymous_0)
FN:10,(anonymous_1)
FN:12,(anonymous_2)
FN:17,(anonymous_3)
FN:45,(anonymous_4)
FN:53,(anonymous_5)
FN:65,(anonymous_6)
FN:69,(anonymous_7)
FN:77,(anonymous_8)
FN:93,(anonymous_9)
FN:110,(anonymous_10)
FN:122,(anonymous_11)
FN:136,(anonymous_12)
FN:137,(anonymous_13)
FN:138,(anonymous_14)
FNF:15
FNH:6
FNDA:28,(anonymous_0)
FNDA:0,(anonymous_1)
FNDA:0,(anonymous_2)
FNDA:0,(anonymous_3)
FNDA:28,(anonymous_4)
FNDA:2,(anonymous_5)
FNDA:2,(anonymous_6)
FNDA:0,(anonymous_7)
FNDA:0,(anonymous_8)
FNDA:21,(anonymous_9)
FNDA:1,(anonymous_10)
FNDA:0,(anonymous_11)
FNDA:0,(anonymous_12)
FNDA:0,(anonymous_13)
FNDA:0,(anonymous_14)
DA:7,2
DA:8,28
DA:10,0
DA:11,0
DA:13,0
DA:14,0
DA:15,0
DA:18,0
DA:19,0
DA:23,0
DA:45,2
DA:46,28
DA:47,28
DA:48,28
DA:49,28
DA:50,28
DA:51,28
DA:53,28
DA:54,2
DA:56,2
DA:57,0
DA:58,0
DA:61,2
DA:62,2
DA:64,2
DA:66,2
DA:67,2
DA:70,0
DA:71,0
DA:72,0
DA:73,0
DA:77,28
DA:78,0
DA:79,0
DA:82,28
DA:93,21
DA:111,1
DA:122,0
DA:136,0
DA:138,0
LF:40
LH:21
BRDA:8,0,0,28
BRDA:8,0,1,0
BRDA:8,1,0,28
BRDA:8,1,1,0
BRDA:19,2,0,0
BRDA:19,2,1,0
BRDA:56,3,0,0
BRDA:56,3,1,2
BRDA:97,4,0,2
BRDA:97,4,1,26
BRDA:101,5,0,28
BRDA:101,5,1,2
BRDA:103,6,0,28
BRDA:103,6,1,4
BRDA:103,6,2,2
BRDA:106,7,0,1
BRDA:106,7,1,1
BRDA:116,8,0,1
BRDA:116,8,1,0
BRDA:117,9,0,1
BRDA:117,9,1,0
BRF:21
BRH:14
end_of_record
TN:
SF:src/StatusIndicator.js
FN:3,(anonymous_0)
FN:7,(anonymous_1)
FN:19,(anonymous_2)
FN:23,(anonymous_3)
FN:26,(anonymous_4)
FN:35,(anonymous_5)
FNF:6
FNH:3
FNDA:4,(anonymous_0)
FNDA:4,(anonymous_1)
FNDA:0,(anonymous_2)
FNDA:0,(anonymous_3)
FNDA:0,(anonymous_4)
FNDA:4,(anonymous_5)
DA:3,1
DA:4,4
DA:5,4
DA:7,4
DA:10,4
DA:11,4
DA:13,0
DA:19,4
DA:20,0
DA:21,0
DA:23,0
DA:26,4
DA:27,0
DA:28,0
DA:31,4
DA:32,4
DA:35,4
DA:36,4
DA:37,4
DA:41,4
DA:43,0
LF:21
LH:14
BRDA:41,0,0,4
BRDA:41,0,1,0
BRDA:45,1,0,0
BRDA:45,1,1,0
BRDA:46,2,0,0
BRDA:46,2,1,0
BRF:6
BRH:1
end_of_record
TN:
SF:src/index.js
FNF:0
FNH:0
DA:7,0
DA:8,0
LF:2
LH:0
BRF:0
BRH:0
end_of_record
TN:
SF:src/mocks/fileMock.js
FNF:0
FNH:0
DA:1,0
LF:1
LH:0
BRF:0
BRH:0
end_of_record
TN:
SF:src/mocks/styleMock.js
FNF:0
FNH:0
DA:1,1
LF:1
LH:1
BRF:0
BRH:0
end_of_record
